<?xml version="1.0" encoding="UTF-8"?>
<testsuites>
  <testsuite name="/var/www/html/storage/infection/infection/phpunitConfiguration.initial.infection.xml" tests="2220" assertions="4799" errors="0" failures="0" skipped="0" time="86.603253">
    <testsuite name="Unit" tests="1782" assertions="3145" errors="0" failures="0" skipped="0" time="7.746622">
      <testsuite name="Tests\Unit\Action1\Action1ConfigHelperTest" file="Action1Config Helper (Tests\Unit\Action1\Action1ConfigHelper)" tests="3" assertions="6" errors="0" failures="0" skipped="0" time="0.024243">
        <testcase name="Is assigned returns true when client id is present" file="Action1Config Helper (Tests\Unit\Action1\Action1ConfigHelper)::Is assigned returns true when client id is present" class="Tests\Unit\Action1\Action1ConfigHelperTest" classname="Tests.Unit.Action1.Action1ConfigHelperTest" assertions="2" time="0.021799"/>
        <testcase name="Is unassigned returns true when client id is null" file="Action1Config Helper (Tests\Unit\Action1\Action1ConfigHelper)::Is unassigned returns true when client id is null" class="Tests\Unit\Action1\Action1ConfigHelperTest" classname="Tests.Unit.Action1.Action1ConfigHelperTest" assertions="2" time="0.001288"/>
        <testcase name="Is assigned treats zero as assigned because it is not null" file="Action1Config Helper (Tests\Unit\Action1\Action1ConfigHelper)::Is assigned treats zero as assigned because it is not null" class="Tests\Unit\Action1\Action1ConfigHelperTest" classname="Tests.Unit.Action1.Action1ConfigHelperTest" assertions="2" time="0.001156"/>
      </testsuite>
      <testsuite name="Tests\Unit\Action1\Action1RoleEnumTest" file="Action1Role Enum (Tests\Unit\Action1\Action1RoleEnum)" tests="8" assertions="16" errors="0" failures="0" skipped="0" time="0.012016">
        <testcase name="Sync config key" file="Action1Role Enum (Tests\Unit\Action1\Action1RoleEnum)::Sync config key" class="Tests\Unit\Action1\Action1RoleEnumTest" classname="Tests.Unit.Action1.Action1RoleEnumTest" assertions="1" time="0.005658"/>
        <testcase name="Automation runner config key" file="Action1Role Enum (Tests\Unit\Action1\Action1RoleEnum)::Automation runner config key" class="Tests\Unit\Action1\Action1RoleEnumTest" classname="Tests.Unit.Action1.Action1RoleEnumTest" assertions="1" time="0.000888"/>
        <testcase name="Script manager config key" file="Action1Role Enum (Tests\Unit\Action1\Action1RoleEnum)::Script manager config key" class="Tests\Unit\Action1\Action1RoleEnumTest" classname="Tests.Unit.Action1.Action1RoleEnumTest" assertions="1" time="0.000860"/>
        <testcase name="Token cache key contains role value" file="Action1Role Enum (Tests\Unit\Action1\Action1RoleEnum)::Token cache key contains role value" class="Tests\Unit\Action1\Action1RoleEnumTest" classname="Tests.Unit.Action1.Action1RoleEnumTest" assertions="3" time="0.000853"/>
        <testcase name="Labels are non empty strings" file="Action1Role Enum (Tests\Unit\Action1\Action1RoleEnum)::Labels are non empty strings" class="Tests\Unit\Action1\Action1RoleEnumTest" classname="Tests.Unit.Action1.Action1RoleEnumTest" assertions="3" time="0.001222"/>
        <testcase name="Labels are distinct" file="Action1Role Enum (Tests\Unit\Action1\Action1RoleEnum)::Labels are distinct" class="Tests\Unit\Action1\Action1RoleEnumTest" classname="Tests.Unit.Action1.Action1RoleEnumTest" assertions="1" time="0.000859"/>
        <testcase name="Descriptions are non empty strings" file="Action1Role Enum (Tests\Unit\Action1\Action1RoleEnum)::Descriptions are non empty strings" class="Tests\Unit\Action1\Action1RoleEnumTest" classname="Tests.Unit.Action1.Action1RoleEnumTest" assertions="3" time="0.000853"/>
        <testcase name="Config and value match" file="Action1Role Enum (Tests\Unit\Action1\Action1RoleEnum)::Config and value match" class="Tests\Unit\Action1\Action1RoleEnumTest" classname="Tests.Unit.Action1.Action1RoleEnumTest" assertions="3" time="0.000825"/>
      </testsuite>
      <testsuite name="Tests\Unit\Action1\Action1SoftwareDiscoveredDataTest" file="Action1Software Discovered Data (Tests\Unit\Action1\Action1SoftwareDiscoveredData)" tests="8" assertions="45" errors="0" failures="0" skipped="0" time="0.010303">
        <testcase name="Constructor assigns all properties" file="Action1Software Discovered Data (Tests\Unit\Action1\Action1SoftwareDiscoveredData)::Constructor assigns all properties" class="Tests\Unit\Action1\Action1SoftwareDiscoveredDataTest" classname="Tests.Unit.Action1.Action1SoftwareDiscoveredDataTest" assertions="9" time="0.004020"/>
        <testcase name="Constructor nullable fields can be null" file="Action1Software Discovered Data (Tests\Unit\Action1\Action1SoftwareDiscoveredData)::Constructor nullable fields can be null" class="Tests\Unit\Action1\Action1SoftwareDiscoveredDataTest" classname="Tests.Unit.Action1.Action1SoftwareDiscoveredDataTest" assertions="6" time="0.000960"/>
        <testcase name="From webhook maps standard keys" file="Action1Software Discovered Data (Tests\Unit\Action1\Action1SoftwareDiscoveredData)::From webhook maps standard keys" class="Tests\Unit\Action1\Action1SoftwareDiscoveredDataTest" classname="Tests.Unit.Action1.Action1SoftwareDiscoveredDataTest" assertions="6" time="0.000868"/>
        <testcase name="From webhook falls back to alternate keys" file="Action1Software Discovered Data (Tests\Unit\Action1\Action1SoftwareDiscoveredData)::From webhook falls back to alternate keys" class="Tests\Unit\Action1\Action1SoftwareDiscoveredDataTest" classname="Tests.Unit.Action1.Action1SoftwareDiscoveredDataTest" assertions="4" time="0.000849"/>
        <testcase name="From webhook defaults endpoint name when missing" file="Action1Software Discovered Data (Tests\Unit\Action1\Action1SoftwareDiscoveredData)::From webhook defaults endpoint name when missing" class="Tests\Unit\Action1\Action1SoftwareDiscoveredDataTest" classname="Tests.Unit.Action1.Action1SoftwareDiscoveredDataTest" assertions="1" time="0.000849"/>
        <testcase name="From webhook empty payload uses defaults" file="Action1Software Discovered Data (Tests\Unit\Action1\Action1SoftwareDiscoveredData)::From webhook empty payload uses defaults" class="Tests\Unit\Action1\Action1SoftwareDiscoveredDataTest" classname="Tests.Unit.Action1.Action1SoftwareDiscoveredDataTest" assertions="5" time="0.000870"/>
        <testcase name="To array returns all keys" file="Action1Software Discovered Data (Tests\Unit\Action1\Action1SoftwareDiscoveredData)::To array returns all keys" class="Tests\Unit\Action1\Action1SoftwareDiscoveredDataTest" classname="Tests.Unit.Action1.Action1SoftwareDiscoveredDataTest" assertions="9" time="0.001011"/>
        <testcase name="To array values match properties" file="Action1Software Discovered Data (Tests\Unit\Action1\Action1SoftwareDiscoveredData)::To array values match properties" class="Tests\Unit\Action1\Action1SoftwareDiscoveredDataTest" classname="Tests.Unit.Action1.Action1SoftwareDiscoveredDataTest" assertions="5" time="0.000875"/>
      </testsuite>
      <testsuite name="Tests\Unit\Action1\MspScriptCategoryTest" file="Msp Script Category (Tests\Unit\Action1\MspScriptCategory)" tests="17" assertions="17" errors="0" failures="0" skipped="0" time="0.017802">
        <testcase name="Diagnostic prefix is msp dx underscore" file="Msp Script Category (Tests\Unit\Action1\MspScriptCategory)::Diagnostic prefix is msp dx underscore" class="Tests\Unit\Action1\MspScriptCategoryTest" classname="Tests.Unit.Action1.MspScriptCategoryTest" assertions="1" time="0.003980"/>
        <testcase name="Remediation prefix is msp rx underscore" file="Msp Script Category (Tests\Unit\Action1\MspScriptCategory)::Remediation prefix is msp rx underscore" class="Tests\Unit\Action1\MspScriptCategoryTest" classname="Tests.Unit.Action1.MspScriptCategoryTest" assertions="1" time="0.000864"/>
        <testcase name="Diagnostic label" file="Msp Script Category (Tests\Unit\Action1\MspScriptCategory)::Diagnostic label" class="Tests\Unit\Action1\MspScriptCategoryTest" classname="Tests.Unit.Action1.MspScriptCategoryTest" assertions="1" time="0.000843"/>
        <testcase name="Remediation label" file="Msp Script Category (Tests\Unit\Action1\MspScriptCategory)::Remediation label" class="Tests\Unit\Action1\MspScriptCategoryTest" classname="Tests.Unit.Action1.MspScriptCategoryTest" assertions="1" time="0.000865"/>
        <testcase name="Diagnostic badge color is blue" file="Msp Script Category (Tests\Unit\Action1\MspScriptCategory)::Diagnostic badge color is blue" class="Tests\Unit\Action1\MspScriptCategoryTest" classname="Tests.Unit.Action1.MspScriptCategoryTest" assertions="1" time="0.000836"/>
        <testcase name="Remediation badge color is amber" file="Msp Script Category (Tests\Unit\Action1\MspScriptCategory)::Remediation badge color is amber" class="Tests\Unit\Action1\MspScriptCategoryTest" classname="Tests.Unit.Action1.MspScriptCategoryTest" assertions="1" time="0.000856"/>
        <testcase name="From script name returns diagnostic for dx prefix" file="Msp Script Category (Tests\Unit\Action1\MspScriptCategory)::From script name returns diagnostic for dx prefix" class="Tests\Unit\Action1\MspScriptCategoryTest" classname="Tests.Unit.Action1.MspScriptCategoryTest" assertions="1" time="0.000860"/>
        <testcase name="From script name returns remediation for rx prefix" file="Msp Script Category (Tests\Unit\Action1\MspScriptCategory)::From script name returns remediation for rx prefix" class="Tests\Unit\Action1\MspScriptCategoryTest" classname="Tests.Unit.Action1.MspScriptCategoryTest" assertions="1" time="0.000850"/>
        <testcase name="From script name is case insensitive" file="Msp Script Category (Tests\Unit\Action1\MspScriptCategory)::From script name is case insensitive" class="Tests\Unit\Action1\MspScriptCategoryTest" classname="Tests.Unit.Action1.MspScriptCategoryTest" assertions="1" time="0.000863"/>
        <testcase name="From script name returns null for non msp script" file="Msp Script Category (Tests\Unit\Action1\MspScriptCategory)::From script name returns null for non msp script" class="Tests\Unit\Action1\MspScriptCategoryTest" classname="Tests.Unit.Action1.MspScriptCategoryTest" assertions="1" time="0.000861"/>
        <testcase name="From script name returns null for bare msp prefix" file="Msp Script Category (Tests\Unit\Action1\MspScriptCategory)::From script name returns null for bare msp prefix" class="Tests\Unit\Action1\MspScriptCategoryTest" classname="Tests.Unit.Action1.MspScriptCategoryTest" assertions="1" time="0.000839"/>
        <testcase name="Is msp script true for msp prefixed name" file="Msp Script Category (Tests\Unit\Action1\MspScriptCategory)::Is msp script true for msp prefixed name" class="Tests\Unit\Action1\MspScriptCategoryTest" classname="Tests.Unit.Action1.MspScriptCategoryTest" assertions="1" time="0.000836"/>
        <testcase name="Is msp script true for uppercase" file="Msp Script Category (Tests\Unit\Action1\MspScriptCategory)::Is msp script true for uppercase" class="Tests\Unit\Action1\MspScriptCategoryTest" classname="Tests.Unit.Action1.MspScriptCategoryTest" assertions="1" time="0.000882"/>
        <testcase name="Is msp script false for non msp script" file="Msp Script Category (Tests\Unit\Action1\MspScriptCategory)::Is msp script false for non msp script" class="Tests\Unit\Action1\MspScriptCategoryTest" classname="Tests.Unit.Action1.MspScriptCategoryTest" assertions="1" time="0.000865"/>
        <testcase name="Extract slug removes msp dx prefix" file="Msp Script Category (Tests\Unit\Action1\MspScriptCategory)::Extract slug removes msp dx prefix" class="Tests\Unit\Action1\MspScriptCategoryTest" classname="Tests.Unit.Action1.MspScriptCategoryTest" assertions="1" time="0.000843"/>
        <testcase name="Extract slug removes msp rx prefix" file="Msp Script Category (Tests\Unit\Action1\MspScriptCategory)::Extract slug removes msp rx prefix" class="Tests\Unit\Action1\MspScriptCategoryTest" classname="Tests.Unit.Action1.MspScriptCategoryTest" assertions="1" time="0.000866"/>
        <testcase name="Extract slug returns original when prefix does not match" file="Msp Script Category (Tests\Unit\Action1\MspScriptCategory)::Extract slug returns original when prefix does not match" class="Tests\Unit\Action1\MspScriptCategoryTest" classname="Tests.Unit.Action1.MspScriptCategoryTest" assertions="1" time="0.000995"/>
      </testsuite>
      <testsuite name="Tests\Unit\Alerts\AlertDeliveryDigestHelperTest" file="Alert Delivery Digest Helper (Tests\Unit\Alerts\AlertDeliveryDigestHelper)" tests="12" assertions="22" errors="0" failures="0" skipped="0" time="0.034793">
        <testcase name="Mark sent sets sent status and timestamp" file="Alert Delivery Digest Helper (Tests\Unit\Alerts\AlertDeliveryDigestHelper)::Mark sent sets sent status and timestamp" class="Tests\Unit\Alerts\AlertDeliveryDigestHelperTest" classname="Tests.Unit.Alerts.AlertDeliveryDigestHelperTest" assertions="2" time="0.010976"/>
        <testcase name="Mark delivered sets delivered status and timestamp" file="Alert Delivery Digest Helper (Tests\Unit\Alerts\AlertDeliveryDigestHelper)::Mark delivered sets delivered status and timestamp" class="Tests\Unit\Alerts\AlertDeliveryDigestHelperTest" classname="Tests.Unit.Alerts.AlertDeliveryDigestHelperTest" assertions="2" time="0.001832"/>
        <testcase name="Mark failed sets failed status error and increments retry count" file="Alert Delivery Digest Helper (Tests\Unit\Alerts\AlertDeliveryDigestHelper)::Mark failed sets failed status error and increments retry count" class="Tests\Unit\Alerts\AlertDeliveryDigestHelperTest" classname="Tests.Unit.Alerts.AlertDeliveryDigestHelperTest" assertions="4" time="0.002157"/>
        <testcase name="Mark throttled sets throttled status" file="Alert Delivery Digest Helper (Tests\Unit\Alerts\AlertDeliveryDigestHelper)::Mark throttled sets throttled status" class="Tests\Unit\Alerts\AlertDeliveryDigestHelperTest" classname="Tests.Unit.Alerts.AlertDeliveryDigestHelperTest" assertions="1" time="0.001657"/>
        <testcase name="Mark processed sets is processed to true" file="Alert Delivery Digest Helper (Tests\Unit\Alerts\AlertDeliveryDigestHelper)::Mark processed sets is processed to true" class="Tests\Unit\Alerts\AlertDeliveryDigestHelperTest" classname="Tests.Unit.Alerts.AlertDeliveryDigestHelperTest" assertions="1" time="0.002705"/>
        <testcase name="Calculate digest time hourly rounds to next hour" file="Alert Delivery Digest Helper (Tests\Unit\Alerts\AlertDeliveryDigestHelper)::Calculate digest time hourly rounds to next hour" class="Tests\Unit\Alerts\AlertDeliveryDigestHelperTest" classname="Tests.Unit.Alerts.AlertDeliveryDigestHelperTest" assertions="1" time="0.003472"/>
        <testcase name="Calculate digest time daily uses default time when digest time missing" file="Alert Delivery Digest Helper (Tests\Unit\Alerts\AlertDeliveryDigestHelper)::Calculate digest time daily uses default time when digest time missing" class="Tests\Unit\Alerts\AlertDeliveryDigestHelperTest" classname="Tests.Unit.Alerts.AlertDeliveryDigestHelperTest" assertions="1" time="0.001951"/>
        <testcase name="Calculate digest time daily uses configured time today when future" file="Alert Delivery Digest Helper (Tests\Unit\Alerts\AlertDeliveryDigestHelper)::Calculate digest time daily uses configured time today when future" class="Tests\Unit\Alerts\AlertDeliveryDigestHelperTest" classname="Tests.Unit.Alerts.AlertDeliveryDigestHelperTest" assertions="1" time="0.001923"/>
        <testcase name="Calculate digest time daily rolls to next day when time has passed" file="Alert Delivery Digest Helper (Tests\Unit\Alerts\AlertDeliveryDigestHelper)::Calculate digest time daily rolls to next day when time has passed" class="Tests\Unit\Alerts\AlertDeliveryDigestHelperTest" classname="Tests.Unit.Alerts.AlertDeliveryDigestHelperTest" assertions="1" time="0.002038"/>
        <testcase name="Calculate digest time weekly targets next monday with configured time" file="Alert Delivery Digest Helper (Tests\Unit\Alerts\AlertDeliveryDigestHelper)::Calculate digest time weekly targets next monday with configured time" class="Tests\Unit\Alerts\AlertDeliveryDigestHelperTest" classname="Tests.Unit.Alerts.AlertDeliveryDigestHelperTest" assertions="1" time="0.001919"/>
        <testcase name="Calculate digest time defaults to now for unknown frequency" file="Alert Delivery Digest Helper (Tests\Unit\Alerts\AlertDeliveryDigestHelper)::Calculate digest time defaults to now for unknown frequency" class="Tests\Unit\Alerts\AlertDeliveryDigestHelperTest" classname="Tests.Unit.Alerts.AlertDeliveryDigestHelperTest" assertions="1" time="0.001741"/>
        <testcase name="Queue for digest creates payload with expected fields" file="Alert Delivery Digest Helper (Tests\Unit\Alerts\AlertDeliveryDigestHelper)::Queue for digest creates payload with expected fields" class="Tests\Unit\Alerts\AlertDeliveryDigestHelperTest" classname="Tests.Unit.Alerts.AlertDeliveryDigestHelperTest" assertions="6" time="0.002423"/>
      </testsuite>
      <testsuite name="Tests\Unit\Alerts\AlertTypeConstantsTest" file="Alert Type Constants (Tests\Unit\Alerts\AlertTypeConstants)" tests="4" assertions="12" errors="0" failures="0" skipped="0" time="0.010855">
        <testcase name="Severity constants are distinct" file="Alert Type Constants (Tests\Unit\Alerts\AlertTypeConstants)::Severity constants are distinct" class="Tests\Unit\Alerts\AlertTypeConstantsTest" classname="Tests.Unit.Alerts.AlertTypeConstantsTest" assertions="1" time="0.006987"/>
        <testcase name="Category constants match categories array" file="Alert Type Constants (Tests\Unit\Alerts\AlertTypeConstants)::Category constants match categories array" class="Tests\Unit\Alerts\AlertTypeConstantsTest" classname="Tests.Unit.Alerts.AlertTypeConstantsTest" assertions="9" time="0.001402"/>
        <testcase name="Categories array has no duplicate entries" file="Alert Type Constants (Tests\Unit\Alerts\AlertTypeConstants)::Categories array has no duplicate entries" class="Tests\Unit\Alerts\AlertTypeConstantsTest" classname="Tests.Unit.Alerts.AlertTypeConstantsTest" assertions="1" time="0.001171"/>
        <testcase name="All category constants cover categories array" file="Alert Type Constants (Tests\Unit\Alerts\AlertTypeConstants)::All category constants cover categories array" class="Tests\Unit\Alerts\AlertTypeConstantsTest" classname="Tests.Unit.Alerts.AlertTypeConstantsTest" assertions="1" time="0.001294"/>
      </testsuite>
      <testsuite name="Tests\Unit\Alerts\AlertSubscriptionHelperTest" file="Alert Subscription Helper (Tests\Unit\Alerts\AlertSubscriptionHelper)" tests="22" assertions="34" errors="0" failures="0" skipped="0" time="0.038267">
        <testcase name="Applies to client returns true when client filter is empty" file="Alert Subscription Helper (Tests\Unit\Alerts\AlertSubscriptionHelper)::Applies to client returns true when client filter is empty" class="Tests\Unit\Alerts\AlertSubscriptionHelperTest" classname="Tests.Unit.Alerts.AlertSubscriptionHelperTest" assertions="2" time="0.005257"/>
        <testcase name="Applies to client returns true when client id is in filter" file="Alert Subscription Helper (Tests\Unit\Alerts\AlertSubscriptionHelper)::Applies to client returns true when client id is in filter" class="Tests\Unit\Alerts\AlertSubscriptionHelperTest" classname="Tests.Unit.Alerts.AlertSubscriptionHelperTest" assertions="1" time="0.001799"/>
        <testcase name="Applies to client returns false when client id is not in filter" file="Alert Subscription Helper (Tests\Unit\Alerts\AlertSubscriptionHelper)::Applies to client returns false when client id is not in filter" class="Tests\Unit\Alerts\AlertSubscriptionHelperTest" classname="Tests.Unit.Alerts.AlertSubscriptionHelperTest" assertions="1" time="0.001782"/>
        <testcase name="Applies to client returns false when client id is null and filter is set" file="Alert Subscription Helper (Tests\Unit\Alerts\AlertSubscriptionHelper)::Applies to client returns false when client id is null and filter is set" class="Tests\Unit\Alerts\AlertSubscriptionHelperTest" classname="Tests.Unit.Alerts.AlertSubscriptionHelperTest" assertions="1" time="0.001669"/>
        <testcase name="Has channel returns true when channel is enabled" file="Alert Subscription Helper (Tests\Unit\Alerts\AlertSubscriptionHelper)::Has channel returns true when channel is enabled" class="Tests\Unit\Alerts\AlertSubscriptionHelperTest" classname="Tests.Unit.Alerts.AlertSubscriptionHelperTest" assertions="1" time="0.001695"/>
        <testcase name="Has channel returns false when channel is not enabled" file="Alert Subscription Helper (Tests\Unit\Alerts\AlertSubscriptionHelper)::Has channel returns false when channel is not enabled" class="Tests\Unit\Alerts\AlertSubscriptionHelperTest" classname="Tests.Unit.Alerts.AlertSubscriptionHelperTest" assertions="1" time="0.001713"/>
        <testcase name="Has channel returns false when channels are null" file="Alert Subscription Helper (Tests\Unit\Alerts\AlertSubscriptionHelper)::Has channel returns false when channels are null" class="Tests\Unit\Alerts\AlertSubscriptionHelperTest" classname="Tests.Unit.Alerts.AlertSubscriptionHelperTest" assertions="1" time="0.001399"/>
        <testcase name="Is digest returns true for hourly frequency" file="Alert Subscription Helper (Tests\Unit\Alerts\AlertSubscriptionHelper)::Is digest returns true for hourly frequency" class="Tests\Unit\Alerts\AlertSubscriptionHelperTest" classname="Tests.Unit.Alerts.AlertSubscriptionHelperTest" assertions="1" time="0.001460"/>
        <testcase name="Is digest returns true for daily frequency" file="Alert Subscription Helper (Tests\Unit\Alerts\AlertSubscriptionHelper)::Is digest returns true for daily frequency" class="Tests\Unit\Alerts\AlertSubscriptionHelperTest" classname="Tests.Unit.Alerts.AlertSubscriptionHelperTest" assertions="1" time="0.001109"/>
        <testcase name="Is digest returns true for weekly frequency" file="Alert Subscription Helper (Tests\Unit\Alerts\AlertSubscriptionHelper)::Is digest returns true for weekly frequency" class="Tests\Unit\Alerts\AlertSubscriptionHelperTest" classname="Tests.Unit.Alerts.AlertSubscriptionHelperTest" assertions="1" time="0.001187"/>
        <testcase name="Is digest returns false for immediate frequency" file="Alert Subscription Helper (Tests\Unit\Alerts\AlertSubscriptionHelper)::Is digest returns false for immediate frequency" class="Tests\Unit\Alerts\AlertSubscriptionHelperTest" classname="Tests.Unit.Alerts.AlertSubscriptionHelperTest" assertions="1" time="0.001252"/>
        <testcase name="Get email recipient returns user email when relation is loaded" file="Alert Subscription Helper (Tests\Unit\Alerts\AlertSubscriptionHelper)::Get email recipient returns user email when relation is loaded" class="Tests\Unit\Alerts\AlertSubscriptionHelperTest" classname="Tests.Unit.Alerts.AlertSubscriptionHelperTest" assertions="1" time="0.001385"/>
        <testcase name="Get email recipient returns null when user relation is missing" file="Alert Subscription Helper (Tests\Unit\Alerts\AlertSubscriptionHelper)::Get email recipient returns null when user relation is missing" class="Tests\Unit\Alerts\AlertSubscriptionHelperTest" classname="Tests.Unit.Alerts.AlertSubscriptionHelperTest" assertions="1" time="0.001322"/>
        <testcase name="Get sms recipient returns user phone when relation is loaded" file="Alert Subscription Helper (Tests\Unit\Alerts\AlertSubscriptionHelper)::Get sms recipient returns user phone when relation is loaded" class="Tests\Unit\Alerts\AlertSubscriptionHelperTest" classname="Tests.Unit.Alerts.AlertSubscriptionHelperTest" assertions="1" time="0.001332"/>
        <testcase name="Get sms recipient returns null when user relation is missing" file="Alert Subscription Helper (Tests\Unit\Alerts\AlertSubscriptionHelper)::Get sms recipient returns null when user relation is missing" class="Tests\Unit\Alerts\AlertSubscriptionHelperTest" classname="Tests.Unit.Alerts.AlertSubscriptionHelperTest" assertions="1" time="0.001298"/>
        <testcase name="Alert type severity color mappings" file="Alert Subscription Helper (Tests\Unit\Alerts\AlertSubscriptionHelper)::Alert type severity color mappings" class="Tests\Unit\Alerts\AlertSubscriptionHelperTest" classname="Tests.Unit.Alerts.AlertSubscriptionHelperTest" assertions="4" time="0.002876"/>
        <testcase name="Alert type severity color defaults to gray for unknown values" file="Alert Subscription Helper (Tests\Unit\Alerts\AlertSubscriptionHelper)::Alert type severity color defaults to gray for unknown values" class="Tests\Unit\Alerts\AlertSubscriptionHelperTest" classname="Tests.Unit.Alerts.AlertSubscriptionHelperTest" assertions="1" time="0.001436"/>
        <testcase name="Alert type severity icon mappings" file="Alert Subscription Helper (Tests\Unit\Alerts\AlertSubscriptionHelper)::Alert type severity icon mappings" class="Tests\Unit\Alerts\AlertSubscriptionHelperTest" classname="Tests.Unit.Alerts.AlertSubscriptionHelperTest" assertions="4" time="0.002047"/>
        <testcase name="Alert type severity icon defaults to bell for unknown values" file="Alert Subscription Helper (Tests\Unit\Alerts\AlertSubscriptionHelper)::Alert type severity icon defaults to bell for unknown values" class="Tests\Unit\Alerts\AlertSubscriptionHelperTest" classname="Tests.Unit.Alerts.AlertSubscriptionHelperTest" assertions="1" time="0.001470"/>
        <testcase name="Notification subscription get alert types contains expected keys" file="Alert Subscription Helper (Tests\Unit\Alerts\AlertSubscriptionHelper)::Notification subscription get alert types contains expected keys" class="Tests\Unit\Alerts\AlertSubscriptionHelperTest" classname="Tests.Unit.Alerts.AlertSubscriptionHelperTest" assertions="5" time="0.001135"/>
        <testcase name="Notification subscription has channel returns true for present channel" file="Alert Subscription Helper (Tests\Unit\Alerts\AlertSubscriptionHelper)::Notification subscription has channel returns true for present channel" class="Tests\Unit\Alerts\AlertSubscriptionHelperTest" classname="Tests.Unit.Alerts.AlertSubscriptionHelperTest" assertions="1" time="0.002157"/>
        <testcase name="Notification subscription has channel returns false for absent channel or null channels" file="Alert Subscription Helper (Tests\Unit\Alerts\AlertSubscriptionHelper)::Notification subscription has channel returns false for absent channel or null channels" class="Tests\Unit\Alerts\AlertSubscriptionHelperTest" classname="Tests.Unit.Alerts.AlertSubscriptionHelperTest" assertions="2" time="0.001488"/>
      </testsuite>
      <testsuite name="Tests\Unit\Alerts\AlertSubscriptionTest" file="Alert Subscription (Tests\Unit\Alerts\AlertSubscription)" tests="14" assertions="14" errors="0" failures="0" skipped="0" time="0.025362">
        <testcase name="Channel constants are distinct" file="Alert Subscription (Tests\Unit\Alerts\AlertSubscription)::Channel constants are distinct" class="Tests\Unit\Alerts\AlertSubscriptionTest" classname="Tests.Unit.Alerts.AlertSubscriptionTest" assertions="1" time="0.009591"/>
        <testcase name="Frequency constants are distinct" file="Alert Subscription (Tests\Unit\Alerts\AlertSubscription)::Frequency constants are distinct" class="Tests\Unit\Alerts\AlertSubscriptionTest" classname="Tests.Unit.Alerts.AlertSubscriptionTest" assertions="1" time="0.000983"/>
        <testcase name="Applies to client when client ids is null" file="Alert Subscription (Tests\Unit\Alerts\AlertSubscription)::Applies to client when client ids is null" class="Tests\Unit\Alerts\AlertSubscriptionTest" classname="Tests.Unit.Alerts.AlertSubscriptionTest" assertions="1" time="0.001874"/>
        <testcase name="Applies to client when client ids is empty json" file="Alert Subscription (Tests\Unit\Alerts\AlertSubscription)::Applies to client when client ids is empty json" class="Tests\Unit\Alerts\AlertSubscriptionTest" classname="Tests.Unit.Alerts.AlertSubscriptionTest" assertions="1" time="0.001247"/>
        <testcase name="Applies to client when id is in list" file="Alert Subscription (Tests\Unit\Alerts\AlertSubscription)::Applies to client when id is in list" class="Tests\Unit\Alerts\AlertSubscriptionTest" classname="Tests.Unit.Alerts.AlertSubscriptionTest" assertions="1" time="0.001400"/>
        <testcase name="Applies to client when id not in list" file="Alert Subscription (Tests\Unit\Alerts\AlertSubscription)::Applies to client when id not in list" class="Tests\Unit\Alerts\AlertSubscriptionTest" classname="Tests.Unit.Alerts.AlertSubscriptionTest" assertions="1" time="0.001342"/>
        <testcase name="Applies to client with null id and nonempty list" file="Alert Subscription (Tests\Unit\Alerts\AlertSubscription)::Applies to client with null id and nonempty list" class="Tests\Unit\Alerts\AlertSubscriptionTest" classname="Tests.Unit.Alerts.AlertSubscriptionTest" assertions="1" time="0.001362"/>
        <testcase name="Has channel returns true for present channel" file="Alert Subscription (Tests\Unit\Alerts\AlertSubscription)::Has channel returns true for present channel" class="Tests\Unit\Alerts\AlertSubscriptionTest" classname="Tests.Unit.Alerts.AlertSubscriptionTest" assertions="1" time="0.001262"/>
        <testcase name="Has channel returns false for absent channel" file="Alert Subscription (Tests\Unit\Alerts\AlertSubscription)::Has channel returns false for absent channel" class="Tests\Unit\Alerts\AlertSubscriptionTest" classname="Tests.Unit.Alerts.AlertSubscriptionTest" assertions="1" time="0.001297"/>
        <testcase name="Has channel returns false when channels null" file="Alert Subscription (Tests\Unit\Alerts\AlertSubscription)::Has channel returns false when channels null" class="Tests\Unit\Alerts\AlertSubscriptionTest" classname="Tests.Unit.Alerts.AlertSubscriptionTest" assertions="1" time="0.000996"/>
        <testcase name="Is digest true for hourly" file="Alert Subscription (Tests\Unit\Alerts\AlertSubscription)::Is digest true for hourly" class="Tests\Unit\Alerts\AlertSubscriptionTest" classname="Tests.Unit.Alerts.AlertSubscriptionTest" assertions="1" time="0.001010"/>
        <testcase name="Is digest true for daily" file="Alert Subscription (Tests\Unit\Alerts\AlertSubscription)::Is digest true for daily" class="Tests\Unit\Alerts\AlertSubscriptionTest" classname="Tests.Unit.Alerts.AlertSubscriptionTest" assertions="1" time="0.000991"/>
        <testcase name="Is digest true for weekly" file="Alert Subscription (Tests\Unit\Alerts\AlertSubscription)::Is digest true for weekly" class="Tests\Unit\Alerts\AlertSubscriptionTest" classname="Tests.Unit.Alerts.AlertSubscriptionTest" assertions="1" time="0.001025"/>
        <testcase name="Is digest false for immediate" file="Alert Subscription (Tests\Unit\Alerts\AlertSubscription)::Is digest false for immediate" class="Tests\Unit\Alerts\AlertSubscriptionTest" classname="Tests.Unit.Alerts.AlertSubscriptionTest" assertions="1" time="0.000982"/>
      </testsuite>
      <testsuite name="Tests\Unit\Alerts\AlertThrottleGenerateKeyTest" file="Alert Throttle Generate Key (Tests\Unit\Alerts\AlertThrottleGenerateKey)" tests="8" assertions="8" errors="0" failures="0" skipped="0" time="0.013119">
        <testcase name="Generate key returns 32 char hex string" file="Alert Throttle Generate Key (Tests\Unit\Alerts\AlertThrottleGenerateKey)::Generate key returns 32 char hex string" class="Tests\Unit\Alerts\AlertThrottleGenerateKeyTest" classname="Tests.Unit.Alerts.AlertThrottleGenerateKeyTest" assertions="1" time="0.006858"/>
        <testcase name="Generate key is deterministic for same inputs" file="Alert Throttle Generate Key (Tests\Unit\Alerts\AlertThrottleGenerateKey)::Generate key is deterministic for same inputs" class="Tests\Unit\Alerts\AlertThrottleGenerateKeyTest" classname="Tests.Unit.Alerts.AlertThrottleGenerateKeyTest" assertions="1" time="0.000886"/>
        <testcase name="Generate key differs for different alert type codes" file="Alert Throttle Generate Key (Tests\Unit\Alerts\AlertThrottleGenerateKey)::Generate key differs for different alert type codes" class="Tests\Unit\Alerts\AlertThrottleGenerateKeyTest" classname="Tests.Unit.Alerts.AlertThrottleGenerateKeyTest" assertions="1" time="0.000939"/>
        <testcase name="Generate key differs for different client ids" file="Alert Throttle Generate Key (Tests\Unit\Alerts\AlertThrottleGenerateKey)::Generate key differs for different client ids" class="Tests\Unit\Alerts\AlertThrottleGenerateKeyTest" classname="Tests.Unit.Alerts.AlertThrottleGenerateKeyTest" assertions="1" time="0.000875"/>
        <testcase name="Generate key uses global sentinel for null client" file="Alert Throttle Generate Key (Tests\Unit\Alerts\AlertThrottleGenerateKey)::Generate key uses global sentinel for null client" class="Tests\Unit\Alerts\AlertThrottleGenerateKeyTest" classname="Tests.Unit.Alerts.AlertThrottleGenerateKeyTest" assertions="1" time="0.000900"/>
        <testcase name="Generate key differs when context changes" file="Alert Throttle Generate Key (Tests\Unit\Alerts\AlertThrottleGenerateKey)::Generate key differs when context changes" class="Tests\Unit\Alerts\AlertThrottleGenerateKeyTest" classname="Tests.Unit.Alerts.AlertThrottleGenerateKeyTest" assertions="1" time="0.000893"/>
        <testcase name="Generate key same context order is deterministic" file="Alert Throttle Generate Key (Tests\Unit\Alerts\AlertThrottleGenerateKey)::Generate key same context order is deterministic" class="Tests\Unit\Alerts\AlertThrottleGenerateKeyTest" classname="Tests.Unit.Alerts.AlertThrottleGenerateKeyTest" assertions="1" time="0.000900"/>
        <testcase name="Generate key no context matches empty array" file="Alert Throttle Generate Key (Tests\Unit\Alerts\AlertThrottleGenerateKey)::Generate key no context matches empty array" class="Tests\Unit\Alerts\AlertThrottleGenerateKeyTest" classname="Tests.Unit.Alerts.AlertThrottleGenerateKeyTest" assertions="1" time="0.000868"/>
      </testsuite>
      <testsuite name="Tests\Unit\Alerts\AlertTypeSeverityTest" file="Alert Type Severity (Tests\Unit\Alerts\AlertTypeSeverity)" tests="10" assertions="10" errors="0" failures="0" skipped="0" time="0.014874">
        <testcase name="Severity color info is blue" file="Alert Type Severity (Tests\Unit\Alerts\AlertTypeSeverity)::Severity color info is blue" class="Tests\Unit\Alerts\AlertTypeSeverityTest" classname="Tests.Unit.Alerts.AlertTypeSeverityTest" assertions="1" time="0.004874"/>
        <testcase name="Severity color warning is yellow" file="Alert Type Severity (Tests\Unit\Alerts\AlertTypeSeverity)::Severity color warning is yellow" class="Tests\Unit\Alerts\AlertTypeSeverityTest" classname="Tests.Unit.Alerts.AlertTypeSeverityTest" assertions="1" time="0.001096"/>
        <testcase name="Severity color error is red" file="Alert Type Severity (Tests\Unit\Alerts\AlertTypeSeverity)::Severity color error is red" class="Tests\Unit\Alerts\AlertTypeSeverityTest" classname="Tests.Unit.Alerts.AlertTypeSeverityTest" assertions="1" time="0.001035"/>
        <testcase name="Severity color critical is red" file="Alert Type Severity (Tests\Unit\Alerts\AlertTypeSeverity)::Severity color critical is red" class="Tests\Unit\Alerts\AlertTypeSeverityTest" classname="Tests.Unit.Alerts.AlertTypeSeverityTest" assertions="1" time="0.001065"/>
        <testcase name="Severity color unknown is gray" file="Alert Type Severity (Tests\Unit\Alerts\AlertTypeSeverity)::Severity color unknown is gray" class="Tests\Unit\Alerts\AlertTypeSeverityTest" classname="Tests.Unit.Alerts.AlertTypeSeverityTest" assertions="1" time="0.001116"/>
        <testcase name="Severity icon info is information circle" file="Alert Type Severity (Tests\Unit\Alerts\AlertTypeSeverity)::Severity icon info is information circle" class="Tests\Unit\Alerts\AlertTypeSeverityTest" classname="Tests.Unit.Alerts.AlertTypeSeverityTest" assertions="1" time="0.001245"/>
        <testcase name="Severity icon warning is exclamation triangle" file="Alert Type Severity (Tests\Unit\Alerts\AlertTypeSeverity)::Severity icon warning is exclamation triangle" class="Tests\Unit\Alerts\AlertTypeSeverityTest" classname="Tests.Unit.Alerts.AlertTypeSeverityTest" assertions="1" time="0.001341"/>
        <testcase name="Severity icon error is x circle" file="Alert Type Severity (Tests\Unit\Alerts\AlertTypeSeverity)::Severity icon error is x circle" class="Tests\Unit\Alerts\AlertTypeSeverityTest" classname="Tests.Unit.Alerts.AlertTypeSeverityTest" assertions="1" time="0.001080"/>
        <testcase name="Severity icon critical is fire" file="Alert Type Severity (Tests\Unit\Alerts\AlertTypeSeverity)::Severity icon critical is fire" class="Tests\Unit\Alerts\AlertTypeSeverityTest" classname="Tests.Unit.Alerts.AlertTypeSeverityTest" assertions="1" time="0.001025"/>
        <testcase name="Severity icon unknown is bell" file="Alert Type Severity (Tests\Unit\Alerts\AlertTypeSeverity)::Severity icon unknown is bell" class="Tests\Unit\Alerts\AlertTypeSeverityTest" classname="Tests.Unit.Alerts.AlertTypeSeverityTest" assertions="1" time="0.000996"/>
      </testsuite>
      <testsuite name="Tests\Unit\App\CustomerDataTest" file="Customer Data (Tests\Unit\App\CustomerData)" tests="17" assertions="51" errors="0" failures="0" skipped="0" time="0.019965">
        <testcase name="Constructor with required field only" file="Customer Data (Tests\Unit\App\CustomerData)::Constructor with required field only" class="Tests\Unit\App\CustomerDataTest" classname="Tests.Unit.App.CustomerDataTest" assertions="4" time="0.004839"/>
        <testcase name="Constructor assigns all fields" file="Customer Data (Tests\Unit\App\CustomerData)::Constructor assigns all fields" class="Tests\Unit\App\CustomerDataTest" classname="Tests.Unit.App.CustomerDataTest" assertions="13" time="0.000914"/>
        <testcase name="Get full name with first and last" file="Customer Data (Tests\Unit\App\CustomerData)::Get full name with first and last" class="Tests\Unit\App\CustomerDataTest" classname="Tests.Unit.App.CustomerDataTest" assertions="1" time="0.000966"/>
        <testcase name="Get full name with first only" file="Customer Data (Tests\Unit\App\CustomerData)::Get full name with first only" class="Tests\Unit\App\CustomerDataTest" classname="Tests.Unit.App.CustomerDataTest" assertions="1" time="0.001066"/>
        <testcase name="Get full name trims whitespace" file="Customer Data (Tests\Unit\App\CustomerData)::Get full name trims whitespace" class="Tests\Unit\App\CustomerDataTest" classname="Tests.Unit.App.CustomerDataTest" assertions="1" time="0.001008"/>
        <testcase name="From array maps standard keys" file="Customer Data (Tests\Unit\App\CustomerData)::From array maps standard keys" class="Tests\Unit\App\CustomerDataTest" classname="Tests.Unit.App.CustomerDataTest" assertions="5" time="0.000963"/>
        <testcase name="From array returns empty string first name when missing" file="Customer Data (Tests\Unit\App\CustomerData)::From array returns empty string first name when missing" class="Tests\Unit\App\CustomerDataTest" classname="Tests.Unit.App.CustomerDataTest" assertions="1" time="0.000872"/>
        <testcase name="From array handles non string first name" file="Customer Data (Tests\Unit\App\CustomerData)::From array handles non string first name" class="Tests\Unit\App\CustomerDataTest" classname="Tests.Unit.App.CustomerDataTest" assertions="1" time="0.000867"/>
        <testcase name="From array maps nullable fields to null when absent" file="Customer Data (Tests\Unit\App\CustomerData)::From array maps nullable fields to null when absent" class="Tests\Unit\App\CustomerDataTest" classname="Tests.Unit.App.CustomerDataTest" assertions="4" time="0.000907"/>
        <testcase name="From array handles emails array" file="Customer Data (Tests\Unit\App\CustomerData)::From array handles emails array" class="Tests\Unit\App\CustomerDataTest" classname="Tests.Unit.App.CustomerDataTest" assertions="4" time="0.001063"/>
        <testcase name="From array emails null when not provided" file="Customer Data (Tests\Unit\App\CustomerData)::From array emails null when not provided" class="Tests\Unit\App\CustomerDataTest" classname="Tests.Unit.App.CustomerDataTest" assertions="1" time="0.001023"/>
        <testcase name="From array handles phones array" file="Customer Data (Tests\Unit\App\CustomerData)::From array handles phones array" class="Tests\Unit\App\CustomerDataTest" classname="Tests.Unit.App.CustomerDataTest" assertions="3" time="0.000971"/>
        <testcase name="From array maps social profiles" file="Customer Data (Tests\Unit\App\CustomerData)::From array maps social profiles" class="Tests\Unit\App\CustomerDataTest" classname="Tests.Unit.App.CustomerDataTest" assertions="2" time="0.000867"/>
        <testcase name="From array maps websites" file="Customer Data (Tests\Unit\App\CustomerData)::From array maps websites" class="Tests\Unit\App\CustomerDataTest" classname="Tests.Unit.App.CustomerDataTest" assertions="2" time="0.000930"/>
        <testcase name="To array omits null fields" file="Customer Data (Tests\Unit\App\CustomerData)::To array omits null fields" class="Tests\Unit\App\CustomerDataTest" classname="Tests.Unit.App.CustomerDataTest" assertions="3" time="0.000930"/>
        <testcase name="To array includes all set fields" file="Customer Data (Tests\Unit\App\CustomerData)::To array includes all set fields" class="Tests\Unit\App\CustomerDataTest" classname="Tests.Unit.App.CustomerDataTest" assertions="4" time="0.000879"/>
        <testcase name="To array excludes email from output" file="Customer Data (Tests\Unit\App\CustomerData)::To array excludes email from output" class="Tests\Unit\App\CustomerDataTest" classname="Tests.Unit.App.CustomerDataTest" assertions="1" time="0.000902"/>
      </testsuite>
      <testsuite name="Tests\Unit\AssetManagement\AssetStatusServiceTest" file="Asset Status Service (Tests\Unit\AssetManagement\AssetStatusService)" tests="21" assertions="38" errors="0" failures="0" skipped="0" time="0.030255">
        <testcase name="Get all statuses returns all five" file="Asset Status Service (Tests\Unit\AssetManagement\AssetStatusService)::Get all statuses returns all five" class="Tests\Unit\AssetManagement\AssetStatusServiceTest" classname="Tests.Unit.AssetManagement.AssetStatusServiceTest" assertions="6" time="0.010280"/>
        <testcase name="Status constants are distinct" file="Asset Status Service (Tests\Unit\AssetManagement\AssetStatusService)::Status constants are distinct" class="Tests\Unit\AssetManagement\AssetStatusServiceTest" classname="Tests.Unit.AssetManagement.AssetStatusServiceTest" assertions="1" time="0.001057"/>
        <testcase name="Same status transition is always valid" file="Asset Status Service (Tests\Unit\AssetManagement\AssetStatusService)::Same status transition is always valid" class="Tests\Unit\AssetManagement\AssetStatusServiceTest" classname="Tests.Unit.AssetManagement.AssetStatusServiceTest" assertions="5" time="0.001037"/>
        <testcase name="Pending can transition to active" file="Asset Status Service (Tests\Unit\AssetManagement\AssetStatusService)::Pending can transition to active" class="Tests\Unit\AssetManagement\AssetStatusServiceTest" classname="Tests.Unit.AssetManagement.AssetStatusServiceTest" assertions="1" time="0.001003"/>
        <testcase name="Pending can transition to inactive" file="Asset Status Service (Tests\Unit\AssetManagement\AssetStatusService)::Pending can transition to inactive" class="Tests\Unit\AssetManagement\AssetStatusServiceTest" classname="Tests.Unit.AssetManagement.AssetStatusServiceTest" assertions="1" time="0.000993"/>
        <testcase name="Pending can transition to retired" file="Asset Status Service (Tests\Unit\AssetManagement\AssetStatusService)::Pending can transition to retired" class="Tests\Unit\AssetManagement\AssetStatusServiceTest" classname="Tests.Unit.AssetManagement.AssetStatusServiceTest" assertions="1" time="0.000988"/>
        <testcase name="Active can transition to inactive" file="Asset Status Service (Tests\Unit\AssetManagement\AssetStatusService)::Active can transition to inactive" class="Tests\Unit\AssetManagement\AssetStatusServiceTest" classname="Tests.Unit.AssetManagement.AssetStatusServiceTest" assertions="1" time="0.000997"/>
        <testcase name="Active can transition to maintenance" file="Asset Status Service (Tests\Unit\AssetManagement\AssetStatusService)::Active can transition to maintenance" class="Tests\Unit\AssetManagement\AssetStatusServiceTest" classname="Tests.Unit.AssetManagement.AssetStatusServiceTest" assertions="1" time="0.000981"/>
        <testcase name="Active can transition to retired" file="Asset Status Service (Tests\Unit\AssetManagement\AssetStatusService)::Active can transition to retired" class="Tests\Unit\AssetManagement\AssetStatusServiceTest" classname="Tests.Unit.AssetManagement.AssetStatusServiceTest" assertions="1" time="0.000979"/>
        <testcase name="Inactive can transition to active" file="Asset Status Service (Tests\Unit\AssetManagement\AssetStatusService)::Inactive can transition to active" class="Tests\Unit\AssetManagement\AssetStatusServiceTest" classname="Tests.Unit.AssetManagement.AssetStatusServiceTest" assertions="1" time="0.000972"/>
        <testcase name="Maintenance can transition to active" file="Asset Status Service (Tests\Unit\AssetManagement\AssetStatusService)::Maintenance can transition to active" class="Tests\Unit\AssetManagement\AssetStatusServiceTest" classname="Tests.Unit.AssetManagement.AssetStatusServiceTest" assertions="1" time="0.000973"/>
        <testcase name="Retired cannot transition to active" file="Asset Status Service (Tests\Unit\AssetManagement\AssetStatusService)::Retired cannot transition to active" class="Tests\Unit\AssetManagement\AssetStatusServiceTest" classname="Tests.Unit.AssetManagement.AssetStatusServiceTest" assertions="1" time="0.000983"/>
        <testcase name="Retired cannot transition to inactive" file="Asset Status Service (Tests\Unit\AssetManagement\AssetStatusService)::Retired cannot transition to inactive" class="Tests\Unit\AssetManagement\AssetStatusServiceTest" classname="Tests.Unit.AssetManagement.AssetStatusServiceTest" assertions="1" time="0.000978"/>
        <testcase name="Active cannot transition to pending" file="Asset Status Service (Tests\Unit\AssetManagement\AssetStatusService)::Active cannot transition to pending" class="Tests\Unit\AssetManagement\AssetStatusServiceTest" classname="Tests.Unit.AssetManagement.AssetStatusServiceTest" assertions="1" time="0.000979"/>
        <testcase name="Unknown status returns false" file="Asset Status Service (Tests\Unit\AssetManagement\AssetStatusService)::Unknown status returns false" class="Tests\Unit\AssetManagement\AssetStatusServiceTest" classname="Tests.Unit.AssetManagement.AssetStatusServiceTest" assertions="1" time="0.000984"/>
        <testcase name="Retired has no valid targets" file="Asset Status Service (Tests\Unit\AssetManagement\AssetStatusService)::Retired has no valid targets" class="Tests\Unit\AssetManagement\AssetStatusServiceTest" classname="Tests.Unit.AssetManagement.AssetStatusServiceTest" assertions="1" time="0.000969"/>
        <testcase name="Pending has three valid targets" file="Asset Status Service (Tests\Unit\AssetManagement\AssetStatusService)::Pending has three valid targets" class="Tests\Unit\AssetManagement\AssetStatusServiceTest" classname="Tests.Unit.AssetManagement.AssetStatusServiceTest" assertions="4" time="0.000974"/>
        <testcase name="Get valid targets for unknown returns empty" file="Asset Status Service (Tests\Unit\AssetManagement\AssetStatusService)::Get valid targets for unknown returns empty" class="Tests\Unit\AssetManagement\AssetStatusServiceTest" classname="Tests.Unit.AssetManagement.AssetStatusServiceTest" assertions="1" time="0.000976"/>
        <testcase name="Exception contains asset id and statuses in message" file="Asset Status Service (Tests\Unit\AssetManagement\AssetStatusService)::Exception contains asset id and statuses in message" class="Tests\Unit\AssetManagement\AssetStatusServiceTest" classname="Tests.Unit.AssetManagement.AssetStatusServiceTest" assertions="4" time="0.001189"/>
        <testcase name="Exception lists valid targets in message" file="Asset Status Service (Tests\Unit\AssetManagement\AssetStatusService)::Exception lists valid targets in message" class="Tests\Unit\AssetManagement\AssetStatusServiceTest" classname="Tests.Unit.AssetManagement.AssetStatusServiceTest" assertions="3" time="0.000989"/>
        <testcase name="Exception custom message is used when provided" file="Asset Status Service (Tests\Unit\AssetManagement\AssetStatusService)::Exception custom message is used when provided" class="Tests\Unit\AssetManagement\AssetStatusServiceTest" classname="Tests.Unit.AssetManagement.AssetStatusServiceTest" assertions="1" time="0.000974"/>
      </testsuite>
      <testsuite name="Tests\Unit\CaseManager\CaseRecordHelperTest" file="Case Record Helper (Tests\Unit\CaseManager\CaseRecordHelper)" tests="24" assertions="30" errors="0" failures="0" skipped="0" time="0.049953">
        <testcase name="Checklist status returns array keyed by field names" file="Case Record Helper (Tests\Unit\CaseManager\CaseRecordHelper)::Checklist status returns array keyed by field names" class="Tests\Unit\CaseManager\CaseRecordHelperTest" classname="Tests.Unit.CaseManager.CaseRecordHelperTest" assertions="2" time="0.012575"/>
        <testcase name="Checklist status reflects true attribute" file="Case Record Helper (Tests\Unit\CaseManager\CaseRecordHelper)::Checklist status reflects true attribute" class="Tests\Unit\CaseManager\CaseRecordHelperTest" classname="Tests.Unit.CaseManager.CaseRecordHelperTest" assertions="1" time="0.001868"/>
        <testcase name="Checklist status reflects false attribute" file="Case Record Helper (Tests\Unit\CaseManager\CaseRecordHelper)::Checklist status reflects false attribute" class="Tests\Unit\CaseManager\CaseRecordHelperTest" classname="Tests.Unit.CaseManager.CaseRecordHelperTest" assertions="1" time="0.001819"/>
        <testcase name="Checklist status unset attribute is false" file="Case Record Helper (Tests\Unit\CaseManager\CaseRecordHelper)::Checklist status unset attribute is false" class="Tests\Unit\CaseManager\CaseRecordHelperTest" classname="Tests.Unit.CaseManager.CaseRecordHelperTest" assertions="1" time="0.001710"/>
        <testcase name="Checklist status has exactly nine entries" file="Case Record Helper (Tests\Unit\CaseManager\CaseRecordHelper)::Checklist status has exactly nine entries" class="Tests\Unit\CaseManager\CaseRecordHelperTest" classname="Tests.Unit.CaseManager.CaseRecordHelperTest" assertions="1" time="0.001718"/>
        <testcase name="Checklist progress zero when nothing checked" file="Case Record Helper (Tests\Unit\CaseManager\CaseRecordHelper)::Checklist progress zero when nothing checked" class="Tests\Unit\CaseManager\CaseRecordHelperTest" classname="Tests.Unit.CaseManager.CaseRecordHelperTest" assertions="1" time="0.001711"/>
        <testcase name="Checklist progress increments per true field" file="Case Record Helper (Tests\Unit\CaseManager\CaseRecordHelper)::Checklist progress increments per true field" class="Tests\Unit\CaseManager\CaseRecordHelperTest" classname="Tests.Unit.CaseManager.CaseRecordHelperTest" assertions="1" time="0.001928"/>
        <testcase name="Checklist progress nine when all complete" file="Case Record Helper (Tests\Unit\CaseManager\CaseRecordHelper)::Checklist progress nine when all complete" class="Tests\Unit\CaseManager\CaseRecordHelperTest" classname="Tests.Unit.CaseManager.CaseRecordHelperTest" assertions="1" time="0.002369"/>
        <testcase name="Is checklist complete returns false when partial" file="Case Record Helper (Tests\Unit\CaseManager\CaseRecordHelper)::Is checklist complete returns false when partial" class="Tests\Unit\CaseManager\CaseRecordHelperTest" classname="Tests.Unit.CaseManager.CaseRecordHelperTest" assertions="1" time="0.001811"/>
        <testcase name="Is checklist complete returns true when all done" file="Case Record Helper (Tests\Unit\CaseManager\CaseRecordHelper)::Is checklist complete returns true when all done" class="Tests\Unit\CaseManager\CaseRecordHelperTest" classname="Tests.Unit.CaseManager.CaseRecordHelperTest" assertions="1" time="0.002333"/>
        <testcase name="Is ready for tech returns true when state matches" file="Case Record Helper (Tests\Unit\CaseManager\CaseRecordHelper)::Is ready for tech returns true when state matches" class="Tests\Unit\CaseManager\CaseRecordHelperTest" classname="Tests.Unit.CaseManager.CaseRecordHelperTest" assertions="1" time="0.001424"/>
        <testcase name="Is ready for tech returns false for triaging state" file="Case Record Helper (Tests\Unit\CaseManager\CaseRecordHelper)::Is ready for tech returns false for triaging state" class="Tests\Unit\CaseManager\CaseRecordHelperTest" classname="Tests.Unit.CaseManager.CaseRecordHelperTest" assertions="1" time="0.001370"/>
        <testcase name="Is ready for tech returns false for new state" file="Case Record Helper (Tests\Unit\CaseManager\CaseRecordHelper)::Is ready for tech returns false for new state" class="Tests\Unit\CaseManager\CaseRecordHelperTest" classname="Tests.Unit.CaseManager.CaseRecordHelperTest" assertions="1" time="0.001352"/>
        <testcase name="Decision path label known paths" file="Case Record Helper (Tests\Unit\CaseManager\CaseRecordHelper)::Decision path label known paths" class="Tests\Unit\CaseManager\CaseRecordHelperTest" classname="Tests.Unit.CaseManager.CaseRecordHelperTest" assertions="6" time="0.002152"/>
        <testcase name="Decision path label null returns not determined" file="Case Record Helper (Tests\Unit\CaseManager\CaseRecordHelper)::Decision path label null returns not determined" class="Tests\Unit\CaseManager\CaseRecordHelperTest" classname="Tests.Unit.CaseManager.CaseRecordHelperTest" assertions="1" time="0.001358"/>
        <testcase name="Decision path label unknown path is humanised" file="Case Record Helper (Tests\Unit\CaseManager\CaseRecordHelper)::Decision path label unknown path is humanised" class="Tests\Unit\CaseManager\CaseRecordHelperTest" classname="Tests.Unit.CaseManager.CaseRecordHelperTest" assertions="1" time="0.001447"/>
        <testcase name="Is decision engine processed false when path is null" file="Case Record Helper (Tests\Unit\CaseManager\CaseRecordHelper)::Is decision engine processed false when path is null" class="Tests\Unit\CaseManager\CaseRecordHelperTest" classname="Tests.Unit.CaseManager.CaseRecordHelperTest" assertions="1" time="0.001316"/>
        <testcase name="Is decision engine processed true when path is set" file="Case Record Helper (Tests\Unit\CaseManager\CaseRecordHelper)::Is decision engine processed true when path is set" class="Tests\Unit\CaseManager\CaseRecordHelperTest" classname="Tests.Unit.CaseManager.CaseRecordHelperTest" assertions="1" time="0.001366"/>
        <testcase name="Has historical context false when null" file="Case Record Helper (Tests\Unit\CaseManager\CaseRecordHelper)::Has historical context false when null" class="Tests\Unit\CaseManager\CaseRecordHelperTest" classname="Tests.Unit.CaseManager.CaseRecordHelperTest" assertions="1" time="0.001346"/>
        <testcase name="Has historical context false when empty array" file="Case Record Helper (Tests\Unit\CaseManager\CaseRecordHelper)::Has historical context false when empty array" class="Tests\Unit\CaseManager\CaseRecordHelperTest" classname="Tests.Unit.CaseManager.CaseRecordHelperTest" assertions="1" time="0.001405"/>
        <testcase name="Has historical context true when populated" file="Case Record Helper (Tests\Unit\CaseManager\CaseRecordHelper)::Has historical context true when populated" class="Tests\Unit\CaseManager\CaseRecordHelperTest" classname="Tests.Unit.CaseManager.CaseRecordHelperTest" assertions="1" time="0.001418"/>
        <testcase name="Has kb search result false when null" file="Case Record Helper (Tests\Unit\CaseManager\CaseRecordHelper)::Has kb search result false when null" class="Tests\Unit\CaseManager\CaseRecordHelperTest" classname="Tests.Unit.CaseManager.CaseRecordHelperTest" assertions="1" time="0.001350"/>
        <testcase name="Has kb search result false when empty array" file="Case Record Helper (Tests\Unit\CaseManager\CaseRecordHelper)::Has kb search result false when empty array" class="Tests\Unit\CaseManager\CaseRecordHelperTest" classname="Tests.Unit.CaseManager.CaseRecordHelperTest" assertions="1" time="0.001398"/>
        <testcase name="Has kb search result true when populated" file="Case Record Helper (Tests\Unit\CaseManager\CaseRecordHelper)::Has kb search result true when populated" class="Tests\Unit\CaseManager\CaseRecordHelperTest" classname="Tests.Unit.CaseManager.CaseRecordHelperTest" assertions="1" time="0.001409"/>
      </testsuite>
      <testsuite name="Tests\Unit\CaseManager\DiagnosticQuickWinHelperTest" file="Diagnostic Quick Win Helper (Tests\Unit\CaseManager\DiagnosticQuickWinHelper)" tests="10" assertions="12" errors="0" failures="0" skipped="0" time="0.021909">
        <testcase name="Is complete returns true for completed status" file="Diagnostic Quick Win Helper (Tests\Unit\CaseManager\DiagnosticQuickWinHelper)::Is complete returns true for completed status" class="Tests\Unit\CaseManager\DiagnosticQuickWinHelperTest" classname="Tests.Unit.CaseManager.DiagnosticQuickWinHelperTest" assertions="1" time="0.010003"/>
        <testcase name="Is complete returns true for failed status" file="Diagnostic Quick Win Helper (Tests\Unit\CaseManager\DiagnosticQuickWinHelper)::Is complete returns true for failed status" class="Tests\Unit\CaseManager\DiagnosticQuickWinHelperTest" classname="Tests.Unit.CaseManager.DiagnosticQuickWinHelperTest" assertions="1" time="0.001219"/>
        <testcase name="Is complete returns true for timed out status" file="Diagnostic Quick Win Helper (Tests\Unit\CaseManager\DiagnosticQuickWinHelper)::Is complete returns true for timed out status" class="Tests\Unit\CaseManager\DiagnosticQuickWinHelperTest" classname="Tests.Unit.CaseManager.DiagnosticQuickWinHelperTest" assertions="1" time="0.001154"/>
        <testcase name="Is complete returns false for running status" file="Diagnostic Quick Win Helper (Tests\Unit\CaseManager\DiagnosticQuickWinHelper)::Is complete returns false for running status" class="Tests\Unit\CaseManager\DiagnosticQuickWinHelperTest" classname="Tests.Unit.CaseManager.DiagnosticQuickWinHelperTest" assertions="1" time="0.001155"/>
        <testcase name="Is successful returns true only for completed status" file="Diagnostic Quick Win Helper (Tests\Unit\CaseManager\DiagnosticQuickWinHelper)::Is successful returns true only for completed status" class="Tests\Unit\CaseManager\DiagnosticQuickWinHelperTest" classname="Tests.Unit.CaseManager.DiagnosticQuickWinHelperTest" assertions="2" time="0.001353"/>
        <testcase name="Duration returns null when started at is missing" file="Diagnostic Quick Win Helper (Tests\Unit\CaseManager\DiagnosticQuickWinHelper)::Duration returns null when started at is missing" class="Tests\Unit\CaseManager\DiagnosticQuickWinHelperTest" classname="Tests.Unit.CaseManager.DiagnosticQuickWinHelperTest" assertions="1" time="0.001304"/>
        <testcase name="Duration returns null when completed at is missing" file="Diagnostic Quick Win Helper (Tests\Unit\CaseManager\DiagnosticQuickWinHelper)::Duration returns null when completed at is missing" class="Tests\Unit\CaseManager\DiagnosticQuickWinHelperTest" classname="Tests.Unit.CaseManager.DiagnosticQuickWinHelperTest" assertions="1" time="0.001311"/>
        <testcase name="Duration returns diff in seconds when both timestamps exist" file="Diagnostic Quick Win Helper (Tests\Unit\CaseManager\DiagnosticQuickWinHelper)::Duration returns diff in seconds when both timestamps exist" class="Tests\Unit\CaseManager\DiagnosticQuickWinHelperTest" classname="Tests.Unit.CaseManager.DiagnosticQuickWinHelperTest" assertions="1" time="0.001539"/>
        <testcase name="Quick win is pending returns true for suggested status" file="Diagnostic Quick Win Helper (Tests\Unit\CaseManager\DiagnosticQuickWinHelper)::Quick win is pending returns true for suggested status" class="Tests\Unit\CaseManager\DiagnosticQuickWinHelperTest" classname="Tests.Unit.CaseManager.DiagnosticQuickWinHelperTest" assertions="1" time="0.001674"/>
        <testcase name="Quick win is pending returns false for non suggested statuses" file="Diagnostic Quick Win Helper (Tests\Unit\CaseManager\DiagnosticQuickWinHelper)::Quick win is pending returns false for non suggested statuses" class="Tests\Unit\CaseManager\DiagnosticQuickWinHelperTest" classname="Tests.Unit.CaseManager.DiagnosticQuickWinHelperTest" assertions="2" time="0.001198"/>
      </testsuite>
      <testsuite name="Tests\Unit\ClientPortal\ApprovalRequestHelperTest" file="Approval Request Helper (Tests\Unit\ClientPortal\ApprovalRequestHelper)" tests="5" assertions="18" errors="0" failures="0" skipped="0" time="0.016575">
        <testcase name="Can be actioned only when pending" file="Approval Request Helper (Tests\Unit\ClientPortal\ApprovalRequestHelper)::Can be actioned only when pending" class="Tests\Unit\ClientPortal\ApprovalRequestHelperTest" classname="Tests.Unit.ClientPortal.ApprovalRequestHelperTest" assertions="2" time="0.006194"/>
        <testcase name="Status badge mappings include default" file="Approval Request Helper (Tests\Unit\ClientPortal\ApprovalRequestHelper)::Status badge mappings include default" class="Tests\Unit\ClientPortal\ApprovalRequestHelperTest" classname="Tests.Unit.ClientPortal.ApprovalRequestHelperTest" assertions="5" time="0.002670"/>
        <testcase name="Status label mappings include default" file="Approval Request Helper (Tests\Unit\ClientPortal\ApprovalRequestHelper)::Status label mappings include default" class="Tests\Unit\ClientPortal\ApprovalRequestHelperTest" classname="Tests.Unit.ClientPortal.ApprovalRequestHelperTest" assertions="5" time="0.002677"/>
        <testcase name="Type label mappings include default formatter" file="Approval Request Helper (Tests\Unit\ClientPortal\ApprovalRequestHelper)::Type label mappings include default formatter" class="Tests\Unit\ClientPortal\ApprovalRequestHelperTest" classname="Tests.Unit.ClientPortal.ApprovalRequestHelperTest" assertions="4" time="0.002435"/>
        <testcase name="Aging days is zero for non pending and diff for pending" file="Approval Request Helper (Tests\Unit\ClientPortal\ApprovalRequestHelper)::Aging days is zero for non pending and diff for pending" class="Tests\Unit\ClientPortal\ApprovalRequestHelperTest" classname="Tests.Unit.ClientPortal.ApprovalRequestHelperTest" assertions="2" time="0.002599"/>
      </testsuite>
      <testsuite name="Tests\Unit\ClientPortal\ApprovalRequestLifecycleTest" file="Approval Request Lifecycle (Tests\Unit\ClientPortal\ApprovalRequestLifecycle)" tests="3" assertions="18" errors="0" failures="0" skipped="0" time="0.008262">
        <testcase name="Approve sets status metadata and saves" file="Approval Request Lifecycle (Tests\Unit\ClientPortal\ApprovalRequestLifecycle)::Approve sets status metadata and saves" class="Tests\Unit\ClientPortal\ApprovalRequestLifecycleTest" classname="Tests.Unit.ClientPortal.ApprovalRequestLifecycleTest" assertions="6" time="0.004614"/>
        <testcase name="Reject sets status metadata and saves" file="Approval Request Lifecycle (Tests\Unit\ClientPortal\ApprovalRequestLifecycle)::Reject sets status metadata and saves" class="Tests\Unit\ClientPortal\ApprovalRequestLifecycleTest" classname="Tests.Unit.ClientPortal.ApprovalRequestLifecycleTest" assertions="6" time="0.001802"/>
        <testcase name="Sign sets signature fields and saves" file="Approval Request Lifecycle (Tests\Unit\ClientPortal\ApprovalRequestLifecycle)::Sign sets signature fields and saves" class="Tests\Unit\ClientPortal\ApprovalRequestLifecycleTest" classname="Tests.Unit.ClientPortal.ApprovalRequestLifecycleTest" assertions="6" time="0.001846"/>
      </testsuite>
      <testsuite name="Tests\Unit\Commands\ConfigureGmailMailboxCommandTest" file="Configure Gmail Mailbox Command (Tests\Unit\Commands\ConfigureGmailMailboxCommand)" tests="3" assertions="4" errors="0" failures="0" skipped="0" time="0.005677">
        <testcase name="Command can be instantiated" file="Configure Gmail Mailbox Command (Tests\Unit\Commands\ConfigureGmailMailboxCommand)::Command can be instantiated" class="Tests\Unit\Commands\ConfigureGmailMailboxCommandTest" classname="Tests.Unit.Commands.ConfigureGmailMailboxCommandTest" assertions="1" time="0.003763"/>
        <testcase name="Command has signature" file="Configure Gmail Mailbox Command (Tests\Unit\Commands\ConfigureGmailMailboxCommand)::Command has signature" class="Tests\Unit\Commands\ConfigureGmailMailboxCommandTest" classname="Tests.Unit.Commands.ConfigureGmailMailboxCommandTest" assertions="2" time="0.000983"/>
        <testcase name="Command has description" file="Configure Gmail Mailbox Command (Tests\Unit\Commands\ConfigureGmailMailboxCommand)::Command has description" class="Tests\Unit\Commands\ConfigureGmailMailboxCommandTest" classname="Tests.Unit.Commands.ConfigureGmailMailboxCommandTest" assertions="1" time="0.000931"/>
      </testsuite>
      <testsuite name="Tests\Unit\ContractManager\BillingAndScheduleHelperTest" file="Billing And Schedule Helper (Tests\Unit\ContractManager\BillingAndScheduleHelper)" tests="7" assertions="34" errors="0" failures="0" skipped="0" time="0.020491">
        <testcase name="Billing template product and status helpers" file="Billing And Schedule Helper (Tests\Unit\ContractManager\BillingAndScheduleHelper)::Billing template product and status helpers" class="Tests\Unit\ContractManager\BillingAndScheduleHelperTest" classname="Tests.Unit.ContractManager.BillingAndScheduleHelperTest" assertions="6" time="0.003988"/>
        <testcase name="Billing template is due requires active and due date" file="Billing And Schedule Helper (Tests\Unit\ContractManager\BillingAndScheduleHelper)::Billing template is due requires active and due date" class="Tests\Unit\ContractManager\BillingAndScheduleHelperTest" classname="Tests.Unit.ContractManager.BillingAndScheduleHelperTest" assertions="4" time="0.002481"/>
        <testcase name="Billing template get config value uses default when missing" file="Billing And Schedule Helper (Tests\Unit\ContractManager\BillingAndScheduleHelper)::Billing template get config value uses default when missing" class="Tests\Unit\ContractManager\BillingAndScheduleHelperTest" classname="Tests.Unit.ContractManager.BillingAndScheduleHelperTest" assertions="3" time="0.001501"/>
        <testcase name="Billing template advance to next billing date for each cycle" file="Billing And Schedule Helper (Tests\Unit\ContractManager\BillingAndScheduleHelper)::Billing template advance to next billing date for each cycle" class="Tests\Unit\ContractManager\BillingAndScheduleHelperTest" classname="Tests.Unit.ContractManager.BillingAndScheduleHelperTest" assertions="7" time="0.003500"/>
        <testcase name="Billing template advance sets now when next invoice date is missing" file="Billing And Schedule Helper (Tests\Unit\ContractManager\BillingAndScheduleHelper)::Billing template advance sets now when next invoice date is missing" class="Tests\Unit\ContractManager\BillingAndScheduleHelperTest" classname="Tests.Unit.ContractManager.BillingAndScheduleHelperTest" assertions="1" time="0.001854"/>
        <testcase name="Contract schedule type and due helpers" file="Billing And Schedule Helper (Tests\Unit\ContractManager\BillingAndScheduleHelper)::Contract schedule type and due helpers" class="Tests\Unit\ContractManager\BillingAndScheduleHelperTest" classname="Tests.Unit.ContractManager.BillingAndScheduleHelperTest" assertions="6" time="0.002876"/>
        <testcase name="Contract schedule advance to next for each frequency" file="Billing And Schedule Helper (Tests\Unit\ContractManager\BillingAndScheduleHelper)::Contract schedule advance to next for each frequency" class="Tests\Unit\ContractManager\BillingAndScheduleHelperTest" classname="Tests.Unit.ContractManager.BillingAndScheduleHelperTest" assertions="7" time="0.004291"/>
      </testsuite>
      <testsuite name="Tests\Unit\ContractManager\BillingTemplatePredicatesTest" file="Billing Template Predicates (Tests\Unit\ContractManager\BillingTemplatePredicates)" tests="15" assertions="15" errors="0" failures="0" skipped="0" time="0.022035">
        <testcase name="Is active true for active status" file="Billing Template Predicates (Tests\Unit\ContractManager\BillingTemplatePredicates)::Is active true for active status" class="Tests\Unit\ContractManager\BillingTemplatePredicatesTest" classname="Tests.Unit.ContractManager.BillingTemplatePredicatesTest" assertions="1" time="0.004518"/>
        <testcase name="Is active false for paused" file="Billing Template Predicates (Tests\Unit\ContractManager\BillingTemplatePredicates)::Is active false for paused" class="Tests\Unit\ContractManager\BillingTemplatePredicatesTest" classname="Tests.Unit.ContractManager.BillingTemplatePredicatesTest" assertions="1" time="0.001162"/>
        <testcase name="Is active false for terminated" file="Billing Template Predicates (Tests\Unit\ContractManager\BillingTemplatePredicates)::Is active false for terminated" class="Tests\Unit\ContractManager\BillingTemplatePredicatesTest" classname="Tests.Unit.ContractManager.BillingTemplatePredicatesTest" assertions="1" time="0.001125"/>
        <testcase name="Is paused true for paused status" file="Billing Template Predicates (Tests\Unit\ContractManager\BillingTemplatePredicates)::Is paused true for paused status" class="Tests\Unit\ContractManager\BillingTemplatePredicatesTest" classname="Tests.Unit.ContractManager.BillingTemplatePredicatesTest" assertions="1" time="0.001128"/>
        <testcase name="Is paused false for active" file="Billing Template Predicates (Tests\Unit\ContractManager\BillingTemplatePredicates)::Is paused false for active" class="Tests\Unit\ContractManager\BillingTemplatePredicatesTest" classname="Tests.Unit.ContractManager.BillingTemplatePredicatesTest" assertions="1" time="0.001106"/>
        <testcase name="Get product type returns value" file="Billing Template Predicates (Tests\Unit\ContractManager\BillingTemplatePredicates)::Get product type returns value" class="Tests\Unit\ContractManager\BillingTemplatePredicatesTest" classname="Tests.Unit.ContractManager.BillingTemplatePredicatesTest" assertions="1" time="0.001184"/>
        <testcase name="Get product type returns empty string when null" file="Billing Template Predicates (Tests\Unit\ContractManager\BillingTemplatePredicates)::Get product type returns empty string when null" class="Tests\Unit\ContractManager\BillingTemplatePredicatesTest" classname="Tests.Unit.ContractManager.BillingTemplatePredicatesTest" assertions="1" time="0.001048"/>
        <testcase name="Is due true when active and next invoice date is past" file="Billing Template Predicates (Tests\Unit\ContractManager\BillingTemplatePredicates)::Is due true when active and next invoice date is past" class="Tests\Unit\ContractManager\BillingTemplatePredicatesTest" classname="Tests.Unit.ContractManager.BillingTemplatePredicatesTest" assertions="1" time="0.001700"/>
        <testcase name="Is due false when paused" file="Billing Template Predicates (Tests\Unit\ContractManager\BillingTemplatePredicates)::Is due false when paused" class="Tests\Unit\ContractManager\BillingTemplatePredicatesTest" classname="Tests.Unit.ContractManager.BillingTemplatePredicatesTest" assertions="1" time="0.001261"/>
        <testcase name="Is due false when active but no invoice date" file="Billing Template Predicates (Tests\Unit\ContractManager\BillingTemplatePredicates)::Is due false when active but no invoice date" class="Tests\Unit\ContractManager\BillingTemplatePredicatesTest" classname="Tests.Unit.ContractManager.BillingTemplatePredicatesTest" assertions="1" time="0.001193"/>
        <testcase name="Is due false when active and invoice date in future" file="Billing Template Predicates (Tests\Unit\ContractManager\BillingTemplatePredicates)::Is due false when active and invoice date in future" class="Tests\Unit\ContractManager\BillingTemplatePredicatesTest" classname="Tests.Unit.ContractManager.BillingTemplatePredicatesTest" assertions="1" time="0.001561"/>
        <testcase name="Get config value returns value for key" file="Billing Template Predicates (Tests\Unit\ContractManager\BillingTemplatePredicates)::Get config value returns value for key" class="Tests\Unit\ContractManager\BillingTemplatePredicatesTest" classname="Tests.Unit.ContractManager.BillingTemplatePredicatesTest" assertions="1" time="0.001279"/>
        <testcase name="Get config value returns default when key missing" file="Billing Template Predicates (Tests\Unit\ContractManager\BillingTemplatePredicates)::Get config value returns default when key missing" class="Tests\Unit\ContractManager\BillingTemplatePredicatesTest" classname="Tests.Unit.ContractManager.BillingTemplatePredicatesTest" assertions="1" time="0.001273"/>
        <testcase name="Get config value returns null default when no config" file="Billing Template Predicates (Tests\Unit\ContractManager\BillingTemplatePredicates)::Get config value returns null default when no config" class="Tests\Unit\ContractManager\BillingTemplatePredicatesTest" classname="Tests.Unit.ContractManager.BillingTemplatePredicatesTest" assertions="1" time="0.001050"/>
        <testcase name="Advance to next billing date monthly" file="Billing Template Predicates (Tests\Unit\ContractManager\BillingTemplatePredicates)::Advance to next billing date monthly" class="Tests\Unit\ContractManager\BillingTemplatePredicatesTest" classname="Tests.Unit.ContractManager.BillingTemplatePredicatesTest" assertions="1" time="0.001448"/>
      </testsuite>
      <testsuite name="Tests\Unit\ContractManager\ContractManagerModelHelpersTest" file="Contract Manager Model Helpers (Tests\Unit\ContractManager\ContractManagerModelHelpers)" tests="13" assertions="44" errors="0" failures="0" skipped="0" time="0.031710">
        <testcase name="Contract is active true only for active status" file="Contract Manager Model Helpers (Tests\Unit\ContractManager\ContractManagerModelHelpers)::Contract is active true only for active status" class="Tests\Unit\ContractManager\ContractManagerModelHelpersTest" classname="Tests.Unit.ContractManager.ContractManagerModelHelpersTest" assertions="2" time="0.007212"/>
        <testcase name="Contract is expiring soon false when no end date" file="Contract Manager Model Helpers (Tests\Unit\ContractManager\ContractManagerModelHelpers)::Contract is expiring soon false when no end date" class="Tests\Unit\ContractManager\ContractManagerModelHelpersTest" classname="Tests.Unit.ContractManager.ContractManagerModelHelpersTest" assertions="1" time="0.001285"/>
        <testcase name="Contract is expiring soon true within notice window" file="Contract Manager Model Helpers (Tests\Unit\ContractManager\ContractManagerModelHelpers)::Contract is expiring soon true within notice window" class="Tests\Unit\ContractManager\ContractManagerModelHelpersTest" classname="Tests.Unit.ContractManager.ContractManagerModelHelpersTest" assertions="1" time="0.002093"/>
        <testcase name="Contract is expiring soon true at notice boundary" file="Contract Manager Model Helpers (Tests\Unit\ContractManager\ContractManagerModelHelpers)::Contract is expiring soon true at notice boundary" class="Tests\Unit\ContractManager\ContractManagerModelHelpersTest" classname="Tests.Unit.ContractManager.ContractManagerModelHelpersTest" assertions="1" time="0.002009"/>
        <testcase name="Contract is expired true for expired status or past end date" file="Contract Manager Model Helpers (Tests\Unit\ContractManager\ContractManagerModelHelpers)::Contract is expired true for expired status or past end date" class="Tests\Unit\ContractManager\ContractManagerModelHelpersTest" classname="Tests.Unit.ContractManager.ContractManagerModelHelpersTest" assertions="3" time="0.002012"/>
        <testcase name="Contract days until expiration handles null future and past dates" file="Contract Manager Model Helpers (Tests\Unit\ContractManager\ContractManagerModelHelpers)::Contract days until expiration handles null future and past dates" class="Tests\Unit\ContractManager\ContractManagerModelHelpersTest" classname="Tests.Unit.ContractManager.ContractManagerModelHelpersTest" assertions="3" time="0.002625"/>
        <testcase name="Contract is purchased true for owned or transferred only" file="Contract Manager Model Helpers (Tests\Unit\ContractManager\ContractManagerModelHelpers)::Contract is purchased true for owned or transferred only" class="Tests\Unit\ContractManager\ContractManagerModelHelpersTest" classname="Tests.Unit.ContractManager.ContractManagerModelHelpersTest" assertions="3" time="0.001571"/>
        <testcase name="Quote is draft and is approved helpers" file="Contract Manager Model Helpers (Tests\Unit\ContractManager\ContractManagerModelHelpers)::Quote is draft and is approved helpers" class="Tests\Unit\ContractManager\ContractManagerModelHelpersTest" classname="Tests.Unit.ContractManager.ContractManagerModelHelpersTest" assertions="4" time="0.002262"/>
        <testcase name="Quote is expired by status or date" file="Contract Manager Model Helpers (Tests\Unit\ContractManager\ContractManagerModelHelpers)::Quote is expired by status or date" class="Tests\Unit\ContractManager\ContractManagerModelHelpersTest" classname="Tests.Unit.ContractManager.ContractManagerModelHelpersTest" assertions="3" time="0.002001"/>
        <testcase name="Quote line item quantity type helpers" file="Contract Manager Model Helpers (Tests\Unit\ContractManager\ContractManagerModelHelpers)::Quote line item quantity type helpers" class="Tests\Unit\ContractManager\ContractManagerModelHelpersTest" classname="Tests.Unit.ContractManager.ContractManagerModelHelpersTest" assertions="7" time="0.002451"/>
        <testcase name="Milestone status predicates" file="Contract Manager Model Helpers (Tests\Unit\ContractManager\ContractManagerModelHelpers)::Milestone status predicates" class="Tests\Unit\ContractManager\ContractManagerModelHelpersTest" classname="Tests.Unit.ContractManager.ContractManagerModelHelpersTest" assertions="6" time="0.002500"/>
        <testcase name="Milestone is overdue requires target date and non achieved status" file="Contract Manager Model Helpers (Tests\Unit\ContractManager\ContractManagerModelHelpers)::Milestone is overdue requires target date and non achieved status" class="Tests\Unit\ContractManager\ContractManagerModelHelpersTest" classname="Tests.Unit.ContractManager.ContractManagerModelHelpersTest" assertions="4" time="0.002173"/>
        <testcase name="Milestone get status info maps known statuses and defaults to pending" file="Contract Manager Model Helpers (Tests\Unit\ContractManager\ContractManagerModelHelpers)::Milestone get status info maps known statuses and defaults to pending" class="Tests\Unit\ContractManager\ContractManagerModelHelpersTest" classname="Tests.Unit.ContractManager.ContractManagerModelHelpersTest" assertions="6" time="0.001514"/>
      </testsuite>
      <testsuite name="Tests\Unit\ContractManager\MilestoneModelHelpersTest" file="Milestone Model Helpers (Tests\Unit\ContractManager\MilestoneModelHelpers)" tests="17" assertions="36" errors="0" failures="0" skipped="0" time="0.035593">
[...]
        </testsuite>
        <testcase name="it each credit and debit operation creates exactly one ledger entry" file="Modules/Payment/Tests/Integration/CreditServicePropertyPestTest.php::it each credit and debit operation creates exactly one ledger entry" class="Modules\Payment\Tests\Integration\CreditServicePropertyPestTest" classname="Modules.Payment.Tests.Integration.CreditServicePropertyPestTest" assertions="1" time="0.180984"/>
      </testsuite>
      <testsuite name="Modules\Payment\Tests\Integration\CrossModule\DataConsistencyTest" file="Data Consistency (Modules\Payment\Tests\Integration\CrossModule\DataConsistency)" tests="13" assertions="25" errors="0" failures="0" skipped="0" time="2.128236">
        <testcase name="Client belongs to company" file="Data Consistency (Modules\Payment\Tests\Integration\CrossModule\DataConsistency)::Client belongs to company" class="Modules\Payment\Tests\Integration\CrossModule\DataConsistencyTest" classname="Modules.Payment.Tests.Integration.CrossModule.DataConsistencyTest" assertions="2" time="0.174716"/>
        <testcase name="Contact belongs to client" file="Data Consistency (Modules\Payment\Tests\Integration\CrossModule\DataConsistency)::Contact belongs to client" class="Modules\Payment\Tests\Integration\CrossModule\DataConsistencyTest" classname="Modules.Payment.Tests.Integration.CrossModule.DataConsistencyTest" assertions="2" time="0.157473"/>
        <testcase name="Asset belongs to client" file="Data Consistency (Modules\Payment\Tests\Integration\CrossModule\DataConsistency)::Asset belongs to client" class="Modules\Payment\Tests\Integration\CrossModule\DataConsistencyTest" classname="Modules.Payment.Tests.Integration.CrossModule.DataConsistencyTest" assertions="2" time="0.159560"/>
        <testcase name="Invoice belongs to client" file="Data Consistency (Modules\Payment\Tests\Integration\CrossModule\DataConsistency)::Invoice belongs to client" class="Modules\Payment\Tests\Integration\CrossModule\DataConsistencyTest" classname="Modules.Payment.Tests.Integration.CrossModule.DataConsistencyTest" assertions="2" time="0.161375"/>
        <testcase name="Payment method belongs to company" file="Data Consistency (Modules\Payment\Tests\Integration\CrossModule\DataConsistency)::Payment method belongs to company" class="Modules\Payment\Tests\Integration\CrossModule\DataConsistencyTest" classname="Modules.Payment.Tests.Integration.CrossModule.DataConsistencyTest" assertions="2" time="0.163201"/>
        <testcase name="Company client asset chain" file="Data Consistency (Modules\Payment\Tests\Integration\CrossModule\DataConsistency)::Company client asset chain" class="Modules\Payment\Tests\Integration\CrossModule\DataConsistencyTest" classname="Modules.Payment.Tests.Integration.CrossModule.DataConsistencyTest" assertions="1" time="0.158796"/>
        <testcase name="Company client invoice chain" file="Data Consistency (Modules\Payment\Tests\Integration\CrossModule\DataConsistency)::Company client invoice chain" class="Modules\Payment\Tests\Integration\CrossModule\DataConsistencyTest" classname="Modules.Payment.Tests.Integration.CrossModule.DataConsistencyTest" assertions="1" time="0.169472"/>
        <testcase name="Company data isolation" file="Data Consistency (Modules\Payment\Tests\Integration\CrossModule\DataConsistency)::Company data isolation" class="Modules\Payment\Tests\Integration\CrossModule\DataConsistencyTest" classname="Modules.Payment.Tests.Integration.CrossModule.DataConsistencyTest" assertions="4" time="0.157887"/>
        <testcase name="Client data isolation" file="Data Consistency (Modules\Payment\Tests\Integration\CrossModule\DataConsistency)::Client data isolation" class="Modules\Payment\Tests\Integration\CrossModule\DataConsistencyTest" classname="Modules.Payment.Tests.Integration.CrossModule.DataConsistencyTest" assertions="2" time="0.165274"/>
        <testcase name="Company id consistency" file="Data Consistency (Modules\Payment\Tests\Integration\CrossModule\DataConsistency)::Company id consistency" class="Modules\Payment\Tests\Integration\CrossModule\DataConsistencyTest" classname="Modules.Payment.Tests.Integration.CrossModule.DataConsistencyTest" assertions="3" time="0.163897"/>
        <testcase name="Company scope query" file="Data Consistency (Modules\Payment\Tests\Integration\CrossModule\DataConsistency)::Company scope query" class="Modules\Payment\Tests\Integration\CrossModule\DataConsistencyTest" classname="Modules.Payment.Tests.Integration.CrossModule.DataConsistencyTest" assertions="2" time="0.175439"/>
        <testcase name="Transaction rollback consistency" file="Data Consistency (Modules\Payment\Tests\Integration\CrossModule\DataConsistency)::Transaction rollback consistency" class="Modules\Payment\Tests\Integration\CrossModule\DataConsistencyTest" classname="Modules.Payment.Tests.Integration.CrossModule.DataConsistencyTest" assertions="1" time="0.157212"/>
        <testcase name="Client aggregate relationships" file="Data Consistency (Modules\Payment\Tests\Integration\CrossModule\DataConsistency)::Client aggregate relationships" class="Modules\Payment\Tests\Integration\CrossModule\DataConsistencyTest" classname="Modules.Payment.Tests.Integration.CrossModule.DataConsistencyTest" assertions="1" time="0.163936"/>
      </testsuite>
      <testsuite name="Modules\Payment\Tests\Integration\CrossModule\PaymentBillingIntegrationTest" file="Payment Billing Integration (Modules\Payment\Tests\Integration\CrossModule\PaymentBillingIntegration)" tests="10" assertions="22" errors="0" failures="0" skipped="0" time="1.727132">
        <testcase name="Invoice factory creates valid records" file="Payment Billing Integration (Modules\Payment\Tests\Integration\CrossModule\PaymentBillingIntegration)::Invoice factory creates valid records" class="Modules\Payment\Tests\Integration\CrossModule\PaymentBillingIntegrationTest" classname="Modules.Payment.Tests.Integration.CrossModule.PaymentBillingIntegrationTest" assertions="3" time="0.173878"/>
        <testcase name="Invoice belongs to client" file="Payment Billing Integration (Modules\Payment\Tests\Integration\CrossModule\PaymentBillingIntegration)::Invoice belongs to client" class="Modules\Payment\Tests\Integration\CrossModule\PaymentBillingIntegrationTest" classname="Modules.Payment.Tests.Integration.CrossModule.PaymentBillingIntegrationTest" assertions="2" time="0.162292"/>
        <testcase name="Payment relates to invoice" file="Payment Billing Integration (Modules\Payment\Tests\Integration\CrossModule\PaymentBillingIntegration)::Payment relates to invoice" class="Modules\Payment\Tests\Integration\CrossModule\PaymentBillingIntegrationTest" classname="Modules.Payment.Tests.Integration.CrossModule.PaymentBillingIntegrationTest" assertions="2" time="0.169208"/>
        <testcase name="Payment method belongs to company" file="Payment Billing Integration (Modules\Payment\Tests\Integration\CrossModule\PaymentBillingIntegration)::Payment method belongs to company" class="Modules\Payment\Tests\Integration\CrossModule\PaymentBillingIntegrationTest" classname="Modules.Payment.Tests.Integration.CrossModule.PaymentBillingIntegrationTest" assertions="2" time="0.162127"/>
        <testcase name="Company has multiple payment methods" file="Payment Billing Integration (Modules\Payment\Tests\Integration\CrossModule\PaymentBillingIntegration)::Company has multiple payment methods" class="Modules\Payment\Tests\Integration\CrossModule\PaymentBillingIntegrationTest" classname="Modules.Payment.Tests.Integration.CrossModule.PaymentBillingIntegrationTest" assertions="1" time="0.169915"/>
        <testcase name="Invoice status tracking" file="Payment Billing Integration (Modules\Payment\Tests\Integration\CrossModule\PaymentBillingIntegration)::Invoice status tracking" class="Modules\Payment\Tests\Integration\CrossModule\PaymentBillingIntegrationTest" classname="Modules.Payment.Tests.Integration.CrossModule.PaymentBillingIntegrationTest" assertions="3" time="0.192802"/>
        <testcase name="Client has multiple invoices" file="Payment Billing Integration (Modules\Payment\Tests\Integration\CrossModule\PaymentBillingIntegration)::Client has multiple invoices" class="Modules\Payment\Tests\Integration\CrossModule\PaymentBillingIntegrationTest" classname="Modules.Payment.Tests.Integration.CrossModule.PaymentBillingIntegrationTest" assertions="1" time="0.184863"/>
        <testcase name="Invoice amount calculation" file="Payment Billing Integration (Modules\Payment\Tests\Integration\CrossModule\PaymentBillingIntegration)::Invoice amount calculation" class="Modules\Payment\Tests\Integration\CrossModule\PaymentBillingIntegrationTest" classname="Modules.Payment.Tests.Integration.CrossModule.PaymentBillingIntegrationTest" assertions="3" time="0.163392"/>
        <testcase name="Billing template factory" file="Payment Billing Integration (Modules\Payment\Tests\Integration\CrossModule\PaymentBillingIntegration)::Billing template factory" class="Modules\Payment\Tests\Integration\CrossModule\PaymentBillingIntegrationTest" classname="Modules.Payment.Tests.Integration.CrossModule.PaymentBillingIntegrationTest" assertions="3" time="0.159498"/>
        <testcase name="Invoice company isolation" file="Payment Billing Integration (Modules\Payment\Tests\Integration\CrossModule\PaymentBillingIntegration)::Invoice company isolation" class="Modules\Payment\Tests\Integration\CrossModule\PaymentBillingIntegrationTest" classname="Modules.Payment.Tests.Integration.CrossModule.PaymentBillingIntegrationTest" assertions="2" time="0.189157"/>
      </testsuite>
      <testsuite name="Modules\Payment\Tests\Integration\HelcimServiceContractPestTest" file="Modules/Payment/Tests/Integration/HelcimServiceContractPestTest.php" tests="11" assertions="24" errors="0" failures="0" skipped="0" time="2.069520">
        <testcase name="it charges a vaulted card successfully and records payment" file="Modules/Payment/Tests/Integration/HelcimServiceContractPestTest.php::it charges a vaulted card successfully and records payment" class="Modules\Payment\Tests\Integration\HelcimServiceContractPestTest" classname="Modules.Payment.Tests.Integration.HelcimServiceContractPestTest" assertions="4" time="0.181095"/>
        <testcase name="it throws on gateway failure and marks payment as declined" file="Modules/Payment/Tests/Integration/HelcimServiceContractPestTest.php::it throws on gateway failure and marks payment as declined" class="Modules\Payment\Tests\Integration\HelcimServiceContractPestTest" classname="Modules.Payment.Tests.Integration.HelcimServiceContractPestTest" assertions="3" time="0.417212"/>
        <testcase name="it throws when no payment method exists" file="Modules/Payment/Tests/Integration/HelcimServiceContractPestTest.php::it throws when no payment method exists" class="Modules\Payment\Tests\Integration\HelcimServiceContractPestTest" classname="Modules.Payment.Tests.Integration.HelcimServiceContractPestTest" assertions="2" time="0.180488"/>
        <testcase name="it rejects partial authorization" file="Modules/Payment/Tests/Integration/HelcimServiceContractPestTest.php::it rejects partial authorization" class="Modules\Payment\Tests\Integration\HelcimServiceContractPestTest" classname="Modules.Payment.Tests.Integration.HelcimServiceContractPestTest" assertions="2" time="0.170096"/>
        <testcase name="it processes a full refund successfully" file="Modules/Payment/Tests/Integration/HelcimServiceContractPestTest.php::it processes a full refund successfully" class="Modules\Payment\Tests\Integration\HelcimServiceContractPestTest" classname="Modules.Payment.Tests.Integration.HelcimServiceContractPestTest" assertions="4" time="0.175457"/>
        <testcase name="it processes a partial refund correctly" file="Modules/Payment/Tests/Integration/HelcimServiceContractPestTest.php::it processes a partial refund correctly" class="Modules\Payment\Tests\Integration\HelcimServiceContractPestTest" classname="Modules.Payment.Tests.Integration.HelcimServiceContractPestTest" assertions="3" time="0.174445"/>
        <testcase name="it throws when refund exceeds remaining refundable amount" file="Modules/Payment/Tests/Integration/HelcimServiceContractPestTest.php::it throws when refund exceeds remaining refundable amount" class="Modules\Payment\Tests\Integration\HelcimServiceContractPestTest" classname="Modules.Payment.Tests.Integration.HelcimServiceContractPestTest" assertions="2" time="0.161864"/>
        <testcase name="it verifies a valid webhook signature" file="Modules/Payment/Tests/Integration/HelcimServiceContractPestTest.php::it verifies a valid webhook signature" class="Modules\Payment\Tests\Integration\HelcimServiceContractPestTest" classname="Modules.Payment.Tests.Integration.HelcimServiceContractPestTest" assertions="1" time="0.150204"/>
        <testcase name="it rejects a tampered webhook payload" file="Modules/Payment/Tests/Integration/HelcimServiceContractPestTest.php::it rejects a tampered webhook payload" class="Modules\Payment\Tests\Integration\HelcimServiceContractPestTest" classname="Modules.Payment.Tests.Integration.HelcimServiceContractPestTest" assertions="1" time="0.153802"/>
        <testcase name="it rejects when webhook secret is empty" file="Modules/Payment/Tests/Integration/HelcimServiceContractPestTest.php::it rejects when webhook secret is empty" class="Modules\Payment\Tests\Integration\HelcimServiceContractPestTest" classname="Modules.Payment.Tests.Integration.HelcimServiceContractPestTest" assertions="1" time="0.149701"/>
        <testcase name="it rejects a completely invalid signature" file="Modules/Payment/Tests/Integration/HelcimServiceContractPestTest.php::it rejects a completely invalid signature" class="Modules\Payment\Tests\Integration\HelcimServiceContractPestTest" classname="Modules.Payment.Tests.Integration.HelcimServiceContractPestTest" assertions="1" time="0.155158"/>
      </testsuite>
      <testsuite name="Modules\Payment\Tests\Integration\PaymentModuleCorePestTest" file="Modules/Payment/Tests/Integration/PaymentModuleCorePestTest.php" tests="4" assertions="11" errors="0" failures="0" skipped="0" time="0.686509">
        <testcase name="it generates transaction id and idempotency key on create" file="Modules/Payment/Tests/Integration/PaymentModuleCorePestTest.php::it generates transaction id and idempotency key on create" class="Modules\Payment\Tests\Integration\PaymentModuleCorePestTest" classname="Modules.Payment.Tests.Integration.PaymentModuleCorePestTest" assertions="4" time="0.164208"/>
        <testcase name="it detects expired payment methods" file="Modules/Payment/Tests/Integration/PaymentModuleCorePestTest.php::it detects expired payment methods" class="Modules\Payment\Tests\Integration\PaymentModuleCorePestTest" classname="Modules.Payment.Tests.Integration.PaymentModuleCorePestTest" assertions="2" time="0.170690"/>
        <testcase name="it detects valid payment methods" file="Modules/Payment/Tests/Integration/PaymentModuleCorePestTest.php::it detects valid payment methods" class="Modules\Payment\Tests\Integration\PaymentModuleCorePestTest" classname="Modules.Payment.Tests.Integration.PaymentModuleCorePestTest" assertions="2" time="0.176247"/>
        <testcase name="it has working payment query scopes" file="Modules/Payment/Tests/Integration/PaymentModuleCorePestTest.php::it has working payment query scopes" class="Modules\Payment\Tests\Integration\PaymentModuleCorePestTest" classname="Modules.Payment.Tests.Integration.PaymentModuleCorePestTest" assertions="3" time="0.175363"/>
      </testsuite>
      <testsuite name="Modules\Payment\Tests\Unit\PaymentDisputeGuardPestTest" file="Modules/Payment/Tests/Unit/PaymentDisputeGuardPestTest.php" tests="4" assertions="7" errors="0" failures="0" skipped="0" time="0.660127">
        <testcase name="it blocks refund when payment has an active dispute" file="Modules/Payment/Tests/Unit/PaymentDisputeGuardPestTest.php::it blocks refund when payment has an active dispute" class="Modules\Payment\Tests\Unit\PaymentDisputeGuardPestTest" classname="Modules.Payment.Tests.Unit.PaymentDisputeGuardPestTest" assertions="1" time="0.165532"/>
        <testcase name="it permits refund when no dispute is present" file="Modules/Payment/Tests/Unit/PaymentDisputeGuardPestTest.php::it permits refund when no dispute is present" class="Modules\Payment\Tests\Unit\PaymentDisputeGuardPestTest" classname="Modules.Payment.Tests.Unit.PaymentDisputeGuardPestTest" assertions="1" time="0.156969"/>
        <testcase name="it blocks refund when dispute_status is non-null regardless of value" file="Modules/Payment/Tests/Unit/PaymentDisputeGuardPestTest.php::it blocks refund when dispute_status is non-null regardless of value" class="Modules\Payment\Tests\Unit\PaymentDisputeGuardPestTest" classname="Modules.Payment.Tests.Unit.PaymentDisputeGuardPestTest" assertions="3" time="0.171120"/>
        <testcase name="it dispute guard is independent of the 180-day window check" file="Modules/Payment/Tests/Unit/PaymentDisputeGuardPestTest.php::it dispute guard is independent of the 180-day window check" class="Modules\Payment\Tests\Unit\PaymentDisputeGuardPestTest" classname="Modules.Payment.Tests.Unit.PaymentDisputeGuardPestTest" assertions="2" time="0.166506"/>
      </testsuite>
      <testsuite name="Modules\Payment\Tests\Unit\PaymentDomainLogicPestTest" file="Modules/Payment/Tests/Unit/PaymentDomainLogicPestTest.php" tests="6" assertions="19" errors="0" failures="0" skipped="0" time="0.990107">
        <testcase name="it reports payment status helpers from in-memory attributes" file="Modules/Payment/Tests/Unit/PaymentDomainLogicPestTest.php::it reports payment status helpers from in-memory attributes" class="Modules\Payment\Tests\Unit\PaymentDomainLogicPestTest" classname="Modules.Payment.Tests.Unit.PaymentDomainLogicPestTest" assertions="5" time="0.168595"/>
        <testcase name="it calculates remaining refundable amount without persistence" file="Modules/Payment/Tests/Unit/PaymentDomainLogicPestTest.php::it calculates remaining refundable amount without persistence" class="Modules\Payment\Tests\Unit\PaymentDomainLogicPestTest" classname="Modules.Payment.Tests.Unit.PaymentDomainLogicPestTest" assertions="1" time="0.159771"/>
        <testcase name="it evaluates refundability based on status age and refunded amount" file="Modules/Payment/Tests/Unit/PaymentDomainLogicPestTest.php::it evaluates refundability based on status age and refunded amount" class="Modules\Payment\Tests\Unit\PaymentDomainLogicPestTest" classname="Modules.Payment.Tests.Unit.PaymentDomainLogicPestTest" assertions="3" time="0.169131"/>
        <testcase name="it detects near card expiration based on expires_at date" file="Modules/Payment/Tests/Unit/PaymentDomainLogicPestTest.php::it detects near card expiration based on expires_at date" class="Modules\Payment\Tests\Unit\PaymentDomainLogicPestTest" classname="Modules.Payment.Tests.Unit.PaymentDomainLogicPestTest" assertions="3" time="0.163476"/>
        <testcase name="it formats masked card labels and currency values in memory" file="Modules/Payment/Tests/Unit/PaymentDomainLogicPestTest.php::it formats masked card labels and currency values in memory" class="Modules\Payment\Tests\Unit\PaymentDomainLogicPestTest" classname="Modules.Payment.Tests.Unit.PaymentDomainLogicPestTest" assertions="4" time="0.160750"/>
        <testcase name="it persists reconciliation metadata when marking payment as reconciled" file="Modules/Payment/Tests/Unit/PaymentDomainLogicPestTest.php::it persists reconciliation metadata when marking payment as reconciled" class="Modules\Payment\Tests\Unit\PaymentDomainLogicPestTest" classname="Modules.Payment.Tests.Unit.PaymentDomainLogicPestTest" assertions="3" time="0.168383"/>
      </testsuite>
    </testsuite>
  </testsuite>
</testsuites>
